Debug:   2024-11-27 13:38:45.298:  Rcv: 05 
Debug:   2024-11-27 13:38:45.298:  Snd: 04 
Debug:   2024-11-27 13:38:45.319:  Rcv: 01 
Debug:   2024-11-27 13:38:45.329:  Rcv: 06 00 06 
Debug:   2024-11-27 13:38:45.329:  Snd: 06 
Debug:   2024-11-27 13:38:45.380:  Snd: 05 
Debug:   2024-11-27 13:38:45.400:  Rcv: 04 
Debug:   2024-11-27 13:38:45.410:  Snd: 04 62 06 90 00 00 f8 
Debug:   2024-11-27 13:38:45.430:  Rcv: 06 
Debug:   2024-11-27 13:38:45.441:  Rcv: 05 
Debug:   2024-11-27 13:38:45.441:  Snd: 04 
Debug:   2024-11-27 13:38:45.461:  Rcv: 01 
Debug:   2024-11-27 13:38:45.471:  Rcv: 22 00 22 
Debug:   2024-11-27 13:38:45.471:  Snd: 06 
Debug:   2024-11-27 13:38:45.492:  Snd: 05 
Debug:   2024-11-27 13:38:45.512:  Rcv: 04 
Debug:   2024-11-27 13:38:45.522:  Snd: 04 63 22 01 09 00 8f 
Debug:   2024-11-27 13:38:45.542:  Rcv: 06 
Debug:   2024-11-27 13:45:55.929:  Snd: 05 
Debug:   2024-11-27 13:45:55.949:  Rcv: 04 
Debug:   2024-11-27 13:45:55.960:  Snd: 03 70 10 90 01 10 
Debug:   2024-11-27 13:45:55.980:  Rcv: 06 
Debug:   2024-11-27 13:50:25.621:  Rcv: 05 
Debug:   2024-11-27 13:50:25.621:  Snd: 04 
Debug:   2024-11-27 13:50:25.641:  Rcv: 01 
Debug:   2024-11-27 13:50:25.652:  Rcv: 06 00 06 
Debug:   2024-11-27 13:50:25.652:  Snd: 06 
Debug:   2024-11-27 13:50:25.702:  Snd: 05 
Debug:   2024-11-27 13:50:25.723:  Rcv: 04 
Debug:   2024-11-27 13:50:25.733:  Snd: 04 62 06 10 00 00 78 
Debug:   2024-11-27 13:50:25.753:  Rcv: 06 
Debug:   2024-11-27 13:50:25.763:  Rcv: 05 
Debug:   2024-11-27 13:50:25.763:  Snd: 04 
Debug:   2024-11-27 13:50:25.784:  Rcv: 01 
Debug:   2024-11-27 13:50:25.794:  Rcv: 22 00 22 
Debug:   2024-11-27 13:50:25.794:  Snd: 06 
Debug:   2024-11-27 13:51:03.857:  Snd: 05 
Debug:   2024-11-27 13:51:03.877:  Rcv: 04 
Debug:   2024-11-27 13:51:03.887:  Snd: 04 62 22 10 00 00 94 
Debug:   2024-11-27 13:51:03.908:  Rcv: 06 
Debug:   2024-11-27 13:51:03.918:  Rcv: 05 
Debug:   2024-11-27 13:51:03.918:  Snd: 04 
Debug:   2024-11-27 13:51:03.938:  Rcv: 01 
Debug:   2024-11-27 13:51:03.948:  Rcv: 01 00 01 
Debug:   2024-11-27 13:51:03.949:  Snd: 06 
Debug:   2024-11-27 13:51:03.969:  Snd: 05 
Debug:   2024-11-27 13:51:03.989:  Rcv: 04 
Debug:   2024-11-27 13:51:03.999:  Snd: 15 61 27 00 00 3c 10 00 00 00 00 00 00 00 01 f0 00 00 00 00 00 00 01 c5 
Debug:   2024-11-27 13:51:04.50:  Rcv: 06 
Debug:   2024-11-27 13:51:22.568:  Rcv: 05 
Debug:   2024-11-27 13:51:22.568:  Snd: 04 
Debug:   2024-11-27 13:51:22.588:  Rcv: 02 
Debug:   2024-11-27 13:51:22.599:  Rcv: 08 1e 00 26 
Debug:   2024-11-27 13:51:22.599:  Snd: 06 
Debug:   2024-11-27 13:51:22.619:  Snd: 05 
Debug:   2024-11-27 13:51:22.639:  Rcv: 04 
Debug:   2024-11-27 13:51:22.650:  Snd: 04 62 08 10 00 00 7a 
Debug:   2024-11-27 13:51:22.670:  Rcv: 06 
Debug:   2024-11-27 13:51:26.55:  Rcv: 05 
Debug:   2024-11-27 13:51:26.55:  Snd: 04 
Debug:   2024-11-27 13:51:26.76:  Rcv: 02 
Debug:   2024-11-27 13:51:26.86:  Rcv: 08 0a 00 12 
Debug:   2024-11-27 13:51:26.86:  Snd: 06 
Debug:   2024-11-27 13:51:26.106:  Snd: 05 
Debug:   2024-11-27 13:51:26.127:  Rcv: 04 
Debug:   2024-11-27 13:51:26.137:  Snd: 04 62 08 10 00 00 7a 
Debug:   2024-11-27 13:51:26.157:  Rcv: 06 
Debug:   2024-11-27 13:51:32.51:  Rcv: 05 
Debug:   2024-11-27 13:51:32.51:  Snd: 04 
Debug:   2024-11-27 13:51:32.72:  Rcv: 0e 
Debug:   2024-11-27 13:51:32.82:  Rcv: 21 04 04 00 00 00 00 00 00 00 00 00 00 00 00 29 
Debug:   2024-11-27 13:51:32.82:  Snd: 06 
Debug:   2024-11-27 13:51:49.815:  Snd: 05 
Debug:   2024-11-27 13:51:49.835:  Rcv: 04 
Debug:   2024-11-27 13:51:49.845:  Snd: 03 70 00 10 00 80 
Debug:   2024-11-27 13:51:49.865:  Rcv: 06 
Debug:   2024-11-27 13:51:50.7:  Snd: 05 
Debug:   2024-11-27 13:51:50.27:  Rcv: 04 
Debug:   2024-11-27 13:51:50.37:  Snd: 03 70 10 00 00 80 
Debug:   2024-11-27 13:51:50.57:  Rcv: 06 
Debug:   2024-11-27 13:51:59.356:  Snd: 05 
Debug:   2024-11-27 13:51:59.377:  Rcv: 04 
Debug:   2024-11-27 13:51:59.387:  Snd: 04 63 21 02 01 00 87 
Debug:   2024-11-27 13:51:59.407:  Rcv: 06 
Debug:   2024-11-27 13:52:15.346:  Rcv: 05 
Debug:   2024-11-27 13:52:15.346:  Snd: 04 
Debug:   2024-11-27 13:52:15.367:  Rcv: 01 
Debug:   2024-11-27 13:52:15.377:  Rcv: 06 00 06 
Debug:   2024-11-27 13:52:15.377:  Snd: 06 
Debug:   2024-11-27 13:52:15.428:  Snd: 05 
Debug:   2024-11-27 13:52:15.448:  Rcv: 04 
Debug:   2024-11-27 13:52:15.458:  Snd: 04 62 06 10 00 00 78 
Debug:   2024-11-27 13:52:15.478:  Rcv: 06 
Debug:   2024-11-27 13:52:15.499:  Rcv: 05 
Debug:   2024-11-27 13:52:15.499:  Snd: 04 
Debug:   2024-11-27 13:52:15.519:  Rcv: 01 
Debug:   2024-11-27 13:52:15.529:  Rcv: 22 00 22 
Debug:   2024-11-27 13:52:15.529:  Snd: 06 
Debug:   2024-11-27 13:52:15.620:  Snd: 05 
Debug:   2024-11-27 13:52:15.641:  Rcv: 04 
Debug:   2024-11-27 13:52:15.651:  Snd: 03 70 00 10 00 80 
Debug:   2024-11-27 13:52:15.671:  Rcv: 06 
Debug:   2024-11-27 13:52:16.125:  Snd: 05 
Debug:   2024-11-27 13:52:16.145:  Rcv: 04 
Debug:   2024-11-27 13:52:16.155:  Snd: 03 70 10 00 00 80 
Debug:   2024-11-27 13:52:16.175:  Rcv: 06 
Debug:   2024-11-27 13:53:18.851:  Snd: 05 
Debug:   2024-11-27 13:53:18.871:  Rcv: 04 
Debug:   2024-11-27 13:53:18.882:  Snd: 04 62 22 10 00 00 94 
Debug:   2024-11-27 13:53:18.902:  Rcv: 06 
Debug:   2024-11-27 13:53:18.915:  Rcv: 05 
Debug:   2024-11-27 13:53:18.915:  Snd: 04 
Debug:   2024-11-27 13:53:18.935:  Rcv: 01 
Debug:   2024-11-27 13:53:18.945:  Rcv: 01 00 01 
Debug:   2024-11-27 13:53:18.945:  Snd: 06 
Debug:   2024-11-27 13:53:18.966:  Snd: 05 
Debug:   2024-11-27 13:53:18.986:  Rcv: 04 
Debug:   2024-11-27 13:53:18.996:  Snd: 15 61 27 00 00 0a 10 00 00 00 00 00 00 00 00 f0 00 00 00 00 00 00 01 92 
Debug:   2024-11-27 13:53:19.37:  Rcv: 06 
Debug:   2024-11-27 13:57:53.840:  Rcv: 05 
Debug:   2024-11-27 13:57:53.840:  Snd: 04 
Debug:   2024-11-27 13:57:53.861:  Rcv: 0e 
Debug:   2024-11-27 13:57:53.871:  Rcv: 21 04 03 00 00 00 00 00 00 00 00 00 00 00 00 28 
Debug:   2024-11-27 13:57:53.871:  Snd: 06 
Debug:   2024-11-27 13:58:10.727:  Snd: 05 
Debug:   2024-11-27 13:58:10.747:  Rcv: 04 
Debug:   2024-11-27 13:58:10.757:  Snd: 03 70 00 10 00 80 
Debug:   2024-11-27 13:58:10.777:  Rcv: 06 
Debug:   2024-11-27 13:58:10.949:  Snd: 05 
Debug:   2024-11-27 13:58:10.969:  Rcv: 04 
Debug:   2024-11-27 13:58:10.979:  Snd: 03 70 10 00 00 80 
Debug:   2024-11-27 13:58:10.999:  Rcv: 06 
Debug:   2024-11-27 13:58:20.561:  Snd: 05 
Debug:   2024-11-27 13:58:20.581:  Rcv: 04 
Debug:   2024-11-27 13:58:20.592:  Snd: 04 63 21 02 01 00 87 
Debug:   2024-11-27 13:58:20.612:  Rcv: 06 
Debug:   2024-11-27 13:58:46.636:  Rcv: 05 
Debug:   2024-11-27 13:58:46.636:  Snd: 04 
Debug:   2024-11-27 13:58:46.656:  Rcv: 01 
Debug:   2024-11-27 13:58:46.667:  Rcv: 06 00 06 
Debug:   2024-11-27 13:58:46.667:  Snd: 06 
Debug:   2024-11-27 13:58:46.717:  Snd: 05 
Debug:   2024-11-27 13:58:46.738:  Rcv: 04 
Debug:   2024-11-27 13:58:46.748:  Snd: 04 62 06 10 10 00 88 
Debug:   2024-11-27 13:58:46.768:  Rcv: 06 
Debug:   2024-11-27 13:58:46.778:  Rcv: 05 
Debug:   2024-11-27 13:58:46.778:  Snd: 04 
Debug:   2024-11-27 13:58:46.799:  Rcv: 01 
Debug:   2024-11-27 13:58:46.809:  Rcv: 22 00 22 
Debug:   2024-11-27 13:58:46.809:  Snd: 06 
Debug:   2024-11-27 13:58:46.900:  Snd: 05 
Debug:   2024-11-27 13:58:46.920:  Rcv: 04 
Debug:   2024-11-27 13:58:46.931:  Snd: 03 70 00 10 00 80 
Debug:   2024-11-27 13:58:46.951:  Rcv: 06 
Debug:   2024-11-27 13:58:47.435:  Snd: 05 
Debug:   2024-11-27 13:58:47.455:  Rcv: 04 
Debug:   2024-11-27 13:58:47.465:  Snd: 03 70 10 00 00 80 
Debug:   2024-11-27 13:58:47.485:  Rcv: 06 
Debug:   2024-11-27 13:58:51.2:  Snd: 05 
Debug:   2024-11-27 13:58:51.22:  Rcv: 04 
Debug:   2024-11-27 13:58:51.32:  Snd: 04 62 22 10 10 00 a4 
Debug:   2024-11-27 13:58:51.52:  Rcv: 06 
Debug:   2024-11-27 13:58:51.73:  Rcv: 05 
Debug:   2024-11-27 13:58:51.73:  Snd: 04 
Debug:   2024-11-27 13:58:51.93:  Rcv: 01 
Debug:   2024-11-27 13:58:51.103:  Rcv: 01 00 01 
Debug:   2024-11-27 13:58:51.103:  Snd: 06 
Debug:   2024-11-27 13:58:51.124:  Snd: 05 
Debug:   2024-11-27 13:58:51.144:  Rcv: 04 
Debug:   2024-11-27 13:58:51.154:  Snd: 15 61 27 00 00 0a 10 10 00 00 00 00 00 00 00 f0 00 00 00 00 00 00 01 a2 
Debug:   2024-11-27 13:58:51.205:  Rcv: 06 
Debug:   2024-11-27 13:59:31.757:  Rcv: 05 
Debug:   2024-11-27 13:59:31.757:  Snd: 04 
Debug:   2024-11-27 13:59:31.777:  Rcv: 01 
Debug:   2024-11-27 13:59:31.787:  Rcv: 06 00 06 
Debug:   2024-11-27 13:59:31.788:  Snd: 06 
Debug:   2024-11-27 13:59:31.838:  Snd: 05 
Debug:   2024-11-27 13:59:31.859:  Rcv: 04 
Debug:   2024-11-27 13:59:31.869:  Snd: 04 62 06 10 10 00 88 
Debug:   2024-11-27 13:59:31.889:  Rcv: 06 
Debug:   2024-11-27 13:59:31.899:  Rcv: 05 
Debug:   2024-11-27 13:59:31.899:  Snd: 04 
Debug:   2024-11-27 13:59:31.920:  Rcv: 01 
Debug:   2024-11-27 13:59:31.930:  Rcv: 22 00 22 
Debug:   2024-11-27 13:59:31.930:  Snd: 06 
Debug:   2024-11-27 13:59:38.539:  Snd: 05 
Debug:   2024-11-27 13:59:38.560:  Rcv: 04 
Debug:   2024-11-27 13:59:38.570:  Snd: 04 62 22 10 10 00 a4 
Debug:   2024-11-27 13:59:38.590:  Rcv: 06 
Debug:   2024-11-27 13:59:38.600:  Rcv: 05 
Debug:   2024-11-27 13:59:38.600:  Snd: 04 
Debug:   2024-11-27 13:59:38.621:  Rcv: 01 
Debug:   2024-11-27 13:59:38.631:  Rcv: 01 00 01 
Debug:   2024-11-27 13:59:38.631:  Snd: 06 
Debug:   2024-11-27 13:59:38.651:  Snd: 05 
Debug:   2024-11-27 13:59:38.672:  Rcv: 04 
Debug:   2024-11-27 13:59:38.682:  Snd: 15 61 27 00 00 0a 10 10 00 00 00 00 00 00 01 f0 00 00 00 00 00 00 01 a3 
Debug:   2024-11-27 13:59:38.732:  Rcv: 06 
Debug:   2024-11-27 13:59:54.811:  Rcv: 05 
Debug:   2024-11-27 13:59:54.811:  Snd: 04 
Debug:   2024-11-27 13:59:54.832:  Rcv: 0e 
Debug:   2024-11-27 13:59:54.842:  Rcv: 21 04 03 00 00 00 00 00 00 00 00 00 00 00 00 28 
Debug:   2024-11-27 13:59:54.842:  Snd: 06 
Debug:   2024-11-27 14:00:01.160:  Snd: 05 
Debug:   2024-11-27 14:00:01.180:  Rcv: 04 
Debug:   2024-11-27 14:00:01.190:  Snd: 03 70 00 10 00 80 
Debug:   2024-11-27 14:00:01.211:  Rcv: 06 
Debug:   2024-11-27 14:00:01.382:  Snd: 05 
Debug:   2024-11-27 14:00:01.402:  Rcv: 04 
Debug:   2024-11-27 14:00:01.413:  Snd: 03 70 10 00 00 80 
Debug:   2024-11-27 14:00:01.433:  Rcv: 06 
Debug:   2024-11-27 14:00:01.987:  Snd: 05 
Debug:   2024-11-27 14:00:02.7:  Rcv: 04 
Debug:   2024-11-27 14:00:02.18:  Snd: 03 70 00 10 00 80 
Debug:   2024-11-27 14:00:02.38:  Rcv: 06 
Debug:   2024-11-27 14:00:02.58:  Snd: 05 
Debug:   2024-11-27 14:00:02.79:  Rcv: 04 
Debug:   2024-11-27 14:00:02.89:  Snd: 03 70 10 00 00 80 
Debug:   2024-11-27 14:00:02.109:  Rcv: 06 
Debug:   2024-11-27 14:00:10.995:  Snd: 05 
Debug:   2024-11-27 14:00:11.15:  Rcv: 04 
Debug:   2024-11-27 14:00:11.26:  Snd: 04 63 21 02 01 00 87 
Debug:   2024-11-27 14:00:11.46:  Rcv: 06 
Debug:   2024-11-27 14:00:16.154:  Rcv: 05 
Debug:   2024-11-27 14:00:16.154:  Snd: 04 
Debug:   2024-11-27 14:00:16.175:  Rcv: 01 
Debug:   2024-11-27 14:00:16.185:  Rcv: 06 00 06 
Debug:   2024-11-27 14:00:16.185:  Snd: 06 
Debug:   2024-11-27 14:00:16.236:  Snd: 05 
Debug:   2024-11-27 14:00:16.256:  Rcv: 04 
Debug:   2024-11-27 14:00:16.266:  Snd: 04 62 06 10 10 00 88 
Debug:   2024-11-27 14:00:16.287:  Rcv: 06 
Debug:   2024-11-27 14:00:16.307:  Rcv: 05 
Debug:   2024-11-27 14:00:16.307:  Snd: 04 
Debug:   2024-11-27 14:00:16.327:  Rcv: 01 
Debug:   2024-11-27 14:00:16.338:  Rcv: 22 00 22 
Debug:   2024-11-27 14:00:16.338:  Snd: 06 
Debug:   2024-11-27 14:00:16.429:  Snd: 05 
Debug:   2024-11-27 14:00:16.449:  Rcv: 04 
Debug:   2024-11-27 14:00:16.459:  Snd: 03 70 00 10 00 80 
Debug:   2024-11-27 14:00:16.479:  Rcv: 06 
Debug:   2024-11-27 14:00:16.983:  Snd: 05 
Debug:   2024-11-27 14:00:17.4:  Rcv: 04 
Debug:   2024-11-27 14:00:17.14:  Snd: 03 70 10 00 00 80 
Debug:   2024-11-27 14:00:17.34:  Rcv: 06 
Debug:   2024-11-27 14:00:20.550:  Snd: 05 
Debug:   2024-11-27 14:00:20.571:  Rcv: 04 
Debug:   2024-11-27 14:00:20.581:  Snd: 04 62 22 10 10 00 a4 
Debug:   2024-11-27 14:00:20.601:  Rcv: 06 
Debug:   2024-11-27 14:00:20.611:  Rcv: 05 
Debug:   2024-11-27 14:00:20.612:  Snd: 04 
Debug:   2024-11-27 14:00:20.632:  Rcv: 01 
Debug:   2024-11-27 14:00:20.642:  Rcv: 01 00 01 
Debug:   2024-11-27 14:00:20.642:  Snd: 06 
Debug:   2024-11-27 14:00:20.663:  Snd: 05 
Debug:   2024-11-27 14:00:20.683:  Rcv: 04 
Debug:   2024-11-27 14:00:20.693:  Snd: 15 61 27 00 00 0a 10 10 00 00 00 00 00 00 00 f0 00 00 00 00 00 00 01 a2 
Debug:   2024-11-27 14:00:20.744:  Rcv: 06 
Debug:   2024-11-27 14:00:29.620:  Rcv: 05 
Debug:   2024-11-27 14:00:29.621:  Snd: 04 
Debug:   2024-11-27 14:00:29.641:  Rcv: 0e 
Debug:   2024-11-27 14:00:29.651:  Rcv: 21 04 03 00 00 00 00 00 00 00 00 00 00 00 00 28 
Debug:   2024-11-27 14:00:29.651:  Snd: 06 
Debug:   2024-11-27 14:00:35.978:  Snd: 05 
Debug:   2024-11-27 14:00:35.998:  Rcv: 04 
Debug:   2024-11-27 14:00:36.9:  Snd: 03 70 00 10 00 80 
Debug:   2024-11-27 14:00:36.29:  Rcv: 06 
Debug:   2024-11-27 14:00:36.190:  Snd: 05 
Debug:   2024-11-27 14:00:36.210:  Rcv: 04 
Debug:   2024-11-27 14:00:36.221:  Snd: 03 70 10 00 00 80 
Debug:   2024-11-27 14:00:36.241:  Rcv: 06 
Debug:   2024-11-27 14:00:45.792:  Snd: 05 
Debug:   2024-11-27 14:00:45.813:  Rcv: 04 
Debug:   2024-11-27 14:00:45.823:  Snd: 04 63 21 02 01 00 87 
Debug:   2024-11-27 14:00:45.843:  Rcv: 06 
Debug:   2024-11-27 14:01:08.180:  Rcv: 05 
Debug:   2024-11-27 14:01:08.180:  Snd: 04 
Debug:   2024-11-27 14:01:08.200:  Rcv: 01 
Debug:   2024-11-27 14:01:08.210:  Rcv: 06 00 06 
Debug:   2024-11-27 14:01:08.211:  Snd: 06 
Debug:   2024-11-27 14:01:08.261:  Snd: 05 
Debug:   2024-11-27 14:01:08.282:  Rcv: 04 
Debug:   2024-11-27 14:01:08.292:  Snd: 04 62 06 10 10 00 88 
Debug:   2024-11-27 14:01:08.312:  Rcv: 06 
Debug:   2024-11-27 14:01:08.332:  Rcv: 05 
Debug:   2024-11-27 14:01:08.332:  Snd: 04 
Debug:   2024-11-27 14:01:08.353:  Rcv: 01 
Debug:   2024-11-27 14:01:08.363:  Rcv: 22 00 22 
Debug:   2024-11-27 14:01:08.363:  Snd: 06 
Debug:   2024-11-27 14:01:08.454:  Snd: 05 
Debug:   2024-11-27 14:01:08.474:  Rcv: 04 
Debug:   2024-11-27 14:01:08.485:  Snd: 03 70 00 10 00 80 
Debug:   2024-11-27 14:01:08.505:  Rcv: 06 
Debug:   2024-11-27 14:01:09.19:  Snd: 05 
Debug:   2024-11-27 14:01:09.39:  Rcv: 04 
Debug:   2024-11-27 14:01:09.49:  Snd: 03 70 10 00 00 80 
Debug:   2024-11-27 14:01:09.70:  Rcv: 06 
Debug:   2024-11-27 14:01:12.576:  Snd: 05 
Debug:   2024-11-27 14:01:12.596:  Rcv: 04 
Debug:   2024-11-27 14:01:12.607:  Snd: 04 62 22 10 10 00 a4 
Debug:   2024-11-27 14:01:12.627:  Rcv: 06 
Debug:   2024-11-27 14:01:12.637:  Rcv: 05 
Debug:   2024-11-27 14:01:12.637:  Snd: 04 
Debug:   2024-11-27 14:01:12.658:  Rcv: 01 
Debug:   2024-11-27 14:01:12.668:  Rcv: 01 00 01 
Debug:   2024-11-27 14:01:12.668:  Snd: 06 
Debug:   2024-11-27 14:01:12.688:  Snd: 05 
Debug:   2024-11-27 14:01:12.709:  Rcv: 04 
Debug:   2024-11-27 14:01:12.719:  Snd: 15 61 27 00 00 0a 10 10 00 00 00 00 00 00 00 f0 00 00 00 00 00 00 01 a2 
Debug:   2024-11-27 14:01:12.759:  Rcv: 06 
Debug:   2024-11-27 14:01:17.232:  Rcv: 05 
Debug:   2024-11-27 14:01:17.233:  Snd: 04 
Debug:   2024-11-27 14:01:17.253:  Rcv: 0e 
Debug:   2024-11-27 14:01:17.263:  Rcv: 21 04 03 00 00 00 00 00 00 00 00 00 00 00 00 28 
Debug:   2024-11-27 14:01:17.263:  Snd: 06 
Debug:   2024-11-27 14:01:23.591:  Snd: 05 
Debug:   2024-11-27 14:01:23.611:  Rcv: 04 
Debug:   2024-11-27 14:01:23.621:  Snd: 03 70 00 10 00 80 
Debug:   2024-11-27 14:01:23.641:  Rcv: 06 
Debug:   2024-11-27 14:01:23.813:  Snd: 05 
Debug:   2024-11-27 14:01:23.833:  Rcv: 04 
Debug:   2024-11-27 14:01:23.843:  Snd: 03 70 10 00 00 80 
Debug:   2024-11-27 14:01:23.864:  Rcv: 06 
Debug:   2024-11-27 14:01:33.445:  Snd: 05 
Debug:   2024-11-27 14:01:33.465:  Rcv: 04 
Debug:   2024-11-27 14:01:33.476:  Snd: 04 63 21 02 01 00 87 
Debug:   2024-11-27 14:01:33.496:  Rcv: 06 
Debug:   2024-11-27 14:02:47.245:  Rcv: 05 
Debug:   2024-11-27 14:02:47.246:  Snd: 04 
Debug:   2024-11-27 14:02:47.266:  Rcv: 01 
Debug:   2024-11-27 14:02:47.276:  Rcv: 06 00 06 
Debug:   2024-11-27 14:02:47.276:  Snd: 06 
Debug:   2024-11-27 14:02:47.327:  Snd: 05 
Debug:   2024-11-27 14:02:47.347:  Rcv: 04 
Debug:   2024-11-27 14:02:47.357:  Snd: 04 62 06 10 10 00 88 
Debug:   2024-11-27 14:02:47.378:  Rcv: 06 
Debug:   2024-11-27 14:02:47.388:  Rcv: 05 
Debug:   2024-11-27 14:02:47.388:  Snd: 04 
Debug:   2024-11-27 14:02:47.408:  Rcv: 01 
Debug:   2024-11-27 14:02:47.418:  Rcv: 22 00 22 
Debug:   2024-11-27 14:02:47.419:  Snd: 06 
Debug:   2024-11-27 14:02:47.510:  Snd: 05 
Debug:   2024-11-27 14:02:47.530:  Rcv: 04 
Debug:   2024-11-27 14:02:47.540:  Snd: 03 70 00 10 00 80 
Debug:   2024-11-27 14:02:47.560:  Rcv: 06 
Debug:   2024-11-27 14:02:48.54:  Snd: 05 
Debug:   2024-11-27 14:02:48.74:  Rcv: 04 
Debug:   2024-11-27 14:02:48.85:  Snd: 03 70 10 00 00 80 
Debug:   2024-11-27 14:02:48.105:  Rcv: 06 
Debug:   2024-11-27 14:02:51.621:  Snd: 05 
Debug:   2024-11-27 14:02:51.641:  Rcv: 04 
Debug:   2024-11-27 14:02:51.652:  Snd: 04 62 22 10 10 00 a4 
Debug:   2024-11-27 14:02:51.672:  Rcv: 06 
Debug:   2024-11-27 14:02:51.682:  Rcv: 05 
Debug:   2024-11-27 14:02:51.682:  Snd: 04 
Debug:   2024-11-27 14:02:51.702:  Rcv: 01 
Debug:   2024-11-27 14:02:51.713:  Rcv: 01 00 01 
Debug:   2024-11-27 14:02:51.713:  Snd: 06 
Debug:   2024-11-27 14:02:51.733:  Snd: 05 
Debug:   2024-11-27 14:02:51.753:  Rcv: 04 
Debug:   2024-11-27 14:02:51.764:  Snd: 15 61 27 00 00 0a 10 10 00 00 00 00 00 00 00 f0 00 00 00 00 00 00 01 a2 
Debug:   2024-11-27 14:02:51.814:  Rcv: 06 
Debug:   2024-11-27 14:02:57.285:  Rcv: 05 
Debug:   2024-11-27 14:02:57.285:  Snd: 04 
Debug:   2024-11-27 14:02:57.305:  Rcv: 0e 
Debug:   2024-11-27 14:02:57.315:  Rcv: 21 04 03 00 00 00 00 00 00 00 00 00 00 00 00 28 
Debug:   2024-11-27 14:02:57.316:  Snd: 06 
Debug:   2024-11-27 14:03:03.652:  Snd: 05 
Debug:   2024-11-27 14:03:03.673:  Rcv: 04 
Debug:   2024-11-27 14:03:03.683:  Snd: 03 70 00 10 00 80 
Debug:   2024-11-27 14:03:03.703:  Rcv: 06 
Debug:   2024-11-27 14:03:12.580:  Snd: 05 
Debug:   2024-11-27 14:03:12.601:  Rcv: 04 
Debug:   2024-11-27 14:03:12.611:  Snd: 04 62 21 00 10 00 93 
Debug:   2024-11-27 14:03:12.631:  Rcv: 06 
Debug:   2024-11-27 16:24:37.711:  Rcv: 05 
Debug:   2024-11-27 16:24:37.711:  Snd: 04 
Debug:   2024-11-27 16:24:37.731:  Rcv: 02 
Debug:   2024-11-27 16:24:37.742:  Rcv: 08 14 00 1c 
Debug:   2024-11-27 16:24:37.742:  Snd: 06 
Debug:   2024-11-27 16:24:37.762:  Snd: 05 
Debug:   2024-11-27 16:24:37.782:  Rcv: 04 
Debug:   2024-11-27 16:24:37.793:  Snd: 04 62 08 00 10 00 7a 
Debug:   2024-11-27 16:24:37.813:  Rcv: 06 
Debug:   2024-11-27 16:24:57.319:  Rcv: 05 
Debug:   2024-11-27 16:24:57.319:  Snd: 04 
Debug:   2024-11-27 16:24:57.340:  Rcv: 06 
Debug:   2024-11-27 16:24:57.350:  Rcv: 21 0c 00 00 00 02 00 2f 
Debug:   2024-11-27 16:24:57.350:  Snd: 06 
Debug:   2024-11-27 16:25:06.317:  Snd: 05 
Debug:   2024-11-27 16:25:06.338:  Rcv: 04 
Debug:   2024-11-27 16:25:06.348:  Snd: 04 62 21 00 10 00 93 
Debug:   2024-11-27 16:25:06.368:  Rcv: 06 
Debug:   2024-11-27 16:25:06.378:  Rcv: 05 
Debug:   2024-11-27 16:25:06.378:  Snd: 04 
Debug:   2024-11-27 16:25:06.399:  Rcv: 0e 
Debug:   2024-11-27 16:25:06.409:  Rcv: 21 05 00 00 00 01 00 00 00 00 00 00 00 00 00 27 
Debug:   2024-11-27 16:25:06.409:  Snd: 06 
Debug:   2024-11-27 16:25:06.651:  Snd: 05 
Debug:   2024-11-27 16:25:06.671:  Rcv: 04 
Debug:   2024-11-27 16:25:06.682:  Snd: 04 63 21 02 03 00 89 
Debug:   2024-11-27 16:25:06.702:  Rcv: 06 
Debug:   2024-11-27 16:25:27.284:  Rcv: 05 
Debug:   2024-11-27 16:25:27.285:  Snd: 04 
Debug:   2024-11-27 16:25:27.305:  Rcv: 01 
Debug:   2024-11-27 16:25:27.315:  Rcv: 06 00 06 
Debug:   2024-11-27 16:25:27.315:  Snd: 06 
Debug:   2024-11-27 16:25:27.366:  Snd: 05 
Debug:   2024-11-27 16:25:27.386:  Rcv: 04 
Debug:   2024-11-27 16:25:27.396:  Snd: 04 62 06 00 10 00 78 
Debug:   2024-11-27 16:25:27.417:  Rcv: 06 
Debug:   2024-11-27 16:25:27.427:  Rcv: 05 
Debug:   2024-11-27 16:25:27.427:  Snd: 04 
Debug:   2024-11-27 16:25:27.447:  Rcv: 01 
Debug:   2024-11-27 16:25:27.457:  Rcv: 22 00 22 
Debug:   2024-11-27 16:25:27.458:  Snd: 06 
Debug:   2024-11-27 16:25:31.669:  Snd: 05 
Debug:   2024-11-27 16:25:31.690:  Rcv: 04 
Debug:   2024-11-27 16:25:31.700:  Snd: 04 62 22 00 10 00 94 
Debug:   2024-11-27 16:25:31.720:  Rcv: 06 
Debug:   2024-11-27 16:25:31.730:  Rcv: 05 
Debug:   2024-11-27 16:25:31.730:  Snd: 04 
Debug:   2024-11-27 16:25:31.751:  Rcv: 01 
Debug:   2024-11-27 16:25:31.761:  Rcv: 01 00 01 
Debug:   2024-11-27 16:25:31.761:  Snd: 06 
Debug:   2024-11-27 16:25:31.781:  Snd: 05 
Debug:   2024-11-27 16:25:31.802:  Rcv: 04 
Debug:   2024-11-27 16:25:31.812:  Snd: 15 61 27 00 00 13 00 10 00 00 00 00 00 00 00 f0 00 00 00 00 00 00 01 9b 
Debug:   2024-11-27 16:25:31.862:  Rcv: 06 
Debug:   2024-11-27 16:27:27.110:  Rcv: 05 
Debug:   2024-11-27 16:27:27.111:  Snd: 04 
Debug:   2024-11-27 16:27:27.131:  Rcv: 06 
Debug:   2024-11-27 16:27:27.141:  Rcv: 21 0c 00 00 00 02 00 2f 
Debug:   2024-11-27 16:27:27.141:  Snd: 06 
Debug:   2024-11-27 16:27:27.938:  Snd: 05 
Debug:   2024-11-27 16:27:27.958:  Rcv: 04 
Debug:   2024-11-27 16:27:27.968:  Snd: 04 62 21 00 90 01 13 
Debug:   2024-11-27 16:27:27.989:  Rcv: 06 
Debug:   2024-11-27 16:27:27.999:  Rcv: 05 
Debug:   2024-11-27 16:27:27.999:  Snd: 04 
Debug:   2024-11-27 16:27:28.19:  Rcv: 0e 
Debug:   2024-11-27 16:27:28.29:  Rcv: 21 05 00 00 00 01 00 00 00 00 00 00 00 00 00 27 
Debug:   2024-11-27 16:27:28.30:  Snd: 06 
Debug:   2024-11-27 16:27:30.680:  Snd: 05 
Debug:   2024-11-27 16:27:30.700:  Rcv: 04 
Debug:   2024-11-27 16:27:30.710:  Snd: 03 70 10 00 00 80 
Debug:   2024-11-27 16:27:30.730:  Rcv: 06 
Debug:   2024-11-27 16:27:35.415:  Snd: 05 
Debug:   2024-11-27 16:27:35.435:  Rcv: 04 
Debug:   2024-11-27 16:27:35.446:  Snd: 04 62 21 10 90 01 23 
Debug:   2024-11-27 16:27:35.466:  Rcv: 06 
Debug:   2024-11-27 16:27:40.302:  Rcv: 05 
Debug:   2024-11-27 16:27:40.302:  Snd: 04 
Debug:   2024-11-27 16:27:40.322:  Rcv: 0e 
Debug:   2024-11-27 16:27:40.332:  Rcv: 21 04 03 0f 00 00 00 00 00 00 00 00 00 00 00 37 
Debug:   2024-11-27 16:27:40.332:  Snd: 06 
Debug:   2024-11-27 16:27:51.859:  Snd: 05 
Debug:   2024-11-27 16:27:51.879:  Rcv: 04 
Debug:   2024-11-27 16:27:51.889:  Snd: 03 70 00 10 00 80 
Debug:   2024-11-27 16:27:51.909:  Rcv: 06 
Debug:   2024-11-27 16:27:56.514:  Snd: 05 
Debug:   2024-11-27 16:27:56.535:  Rcv: 04 
Debug:   2024-11-27 16:27:56.545:  Snd: 04 62 21 00 90 01 13 
Debug:   2024-11-27 16:27:56.565:  Rcv: 06 
Debug:   2024-11-27 16:28:13.613:  Rcv: 05 
Debug:   2024-11-27 16:28:13.613:  Snd: 04 
Debug:   2024-11-27 16:28:13.633:  Rcv: 06 
Debug:   2024-11-27 16:28:13.643:  Rcv: 21 0c 05 00 00 02 00 34 
Debug:   2024-11-27 16:28:13.643:  Snd: 06 
Debug:   2024-11-27 16:28:19.699:  Snd: 05 
Debug:   2024-11-27 16:28:19.719:  Rcv: 04 
Debug:   2024-11-27 16:28:19.729:  Snd: 04 62 21 00 90 01 13 
Debug:   2024-11-27 16:28:19.750:  Rcv: 06 
Debug:   2024-11-27 16:28:19.770:  Rcv: 05 
Debug:   2024-11-27 16:28:19.770:  Snd: 04 
Debug:   2024-11-27 16:28:19.790:  Rcv: 0e 
Debug:   2024-11-27 16:28:19.800:  Rcv: 21 05 05 00 00 01 00 00 00 00 00 00 00 00 00 2c 
Debug:   2024-11-27 16:28:19.801:  Snd: 06 
Debug:   2024-11-27 16:28:22.360:  Snd: 05 
Debug:   2024-11-27 16:28:22.380:  Rcv: 04 
Debug:   2024-11-27 16:28:22.390:  Snd: 03 70 10 00 00 80 
Debug:   2024-11-27 16:28:22.411:  Rcv: 06 
Debug:   2024-11-27 16:28:26.985:  Snd: 05 
Debug:   2024-11-27 16:28:27.5:  Rcv: 04 
Debug:   2024-11-27 16:28:27.15:  Snd: 04 62 21 10 90 01 23 
Debug:   2024-11-27 16:28:27.35:  Rcv: 06 
Debug:   2024-11-27 16:28:37.795:  Rcv: 05 
Debug:   2024-11-27 16:28:37.795:  Snd: 04 
Debug:   2024-11-27 16:28:37.815:  Rcv: 02 
Debug:   2024-11-27 16:28:37.826:  Rcv: 08 64 00 6c 
Debug:   2024-11-27 16:28:37.826:  Snd: 06 
Debug:   2024-11-27 16:28:37.846:  Snd: 05 
Debug:   2024-11-27 16:28:37.866:  Rcv: 04 
Debug:   2024-11-27 16:28:37.877:  Snd: 04 62 08 10 90 01 0a 
Debug:   2024-11-27 16:28:37.897:  Rcv: 06 
Debug:   2024-11-27 16:28:44.224:  Rcv: 05 
Debug:   2024-11-27 16:28:44.224:  Snd: 04 
Debug:   2024-11-27 16:28:44.245:  Rcv: 0e 
Debug:   2024-11-27 16:28:44.255:  Rcv: 21 04 00 00 00 00 00 00 00 00 00 00 00 00 00 25 
Debug:   2024-11-27 16:28:44.255:  Snd: 06 
Debug:   2024-11-27 16:28:46.230:  Snd: 05 
Debug:   2024-11-27 16:28:46.250:  Rcv: 04 
Debug:   2024-11-27 16:28:46.261:  Snd: 03 70 00 10 00 80 
Debug:   2024-11-27 16:28:46.281:  Rcv: 06 
Debug:   2024-11-27 16:28:47.470:  Snd: 05 
Debug:   2024-11-27 16:28:47.490:  Rcv: 04 
Debug:   2024-11-27 16:28:47.500:  Snd: 04 62 21 00 90 01 13 
Debug:   2024-11-27 16:28:47.521:  Rcv: 06 
Debug:   2024-11-27 16:28:47.642:  Rcv: 05 
Debug:   2024-11-27 16:28:47.642:  Snd: 04 
Debug:   2024-11-27 16:28:47.662:  Rcv: 06 
Debug:   2024-11-27 16:28:47.672:  Rcv: 21 0c 04 00 00 02 00 33 
Debug:   2024-11-27 16:28:47.673:  Snd: 06 
Debug:   2024-11-27 16:28:48.852:  Snd: 05 
Debug:   2024-11-27 16:28:48.872:  Rcv: 04 
Debug:   2024-11-27 16:28:48.882:  Snd: 04 62 21 00 90 01 13 
Debug:   2024-11-27 16:28:48.902:  Rcv: 06 
Debug:   2024-11-27 16:29:26.511:  Rcv: 05 
Debug:   2024-11-27 16:29:26.511:  Snd: 04 
Debug:   2024-11-27 16:29:26.531:  Rcv: 02 
Debug:   2024-11-27 16:29:26.542:  Rcv: 08 0a 00 12 
Debug:   2024-11-27 16:29:26.542:  Snd: 06 
Debug:   2024-11-27 16:29:26.562:  Snd: 05 
Debug:   2024-11-27 16:29:26.582:  Rcv: 04 
Debug:   2024-11-27 16:29:26.593:  Snd: 04 62 08 00 90 00 fa 
Debug:   2024-11-27 16:29:26.613:  Rcv: 06 
Debug:   2024-11-27 16:29:30.653:  Rcv: 05 
Debug:   2024-11-27 16:29:30.653:  Snd: 04 
Debug:   2024-11-27 16:29:30.673:  Rcv: 02 
Debug:   2024-11-27 16:29:30.683:  Rcv: 08 14 00 1c 
Debug:   2024-11-27 16:29:30.684:  Snd: 06 
Debug:   2024-11-27 16:29:30.704:  Snd: 05 
Debug:   2024-11-27 16:29:30.724:  Rcv: 04 
Debug:   2024-11-27 16:29:30.734:  Snd: 04 62 08 00 90 00 fa 
Debug:   2024-11-27 16:29:30.755:  Rcv: 06 
Debug:   2024-11-27 16:29:36.4:  Rcv: 05 
Debug:   2024-11-27 16:29:36.4:  Snd: 04 
Debug:   2024-11-27 16:29:36.24:  Rcv: 06 
Debug:   2024-11-27 16:29:36.34:  Rcv: 21 0c 00 00 00 02 00 2f 
Debug:   2024-11-27 16:29:36.35:  Snd: 06 
Debug:   2024-11-27 16:29:41.606:  Snd: 05 
Debug:   2024-11-27 16:29:41.627:  Rcv: 04 
Debug:   2024-11-27 16:29:41.637:  Snd: 04 62 21 00 90 01 13 
Debug:   2024-11-27 16:29:41.667:  Rcv: 06 
Debug:   2024-11-27 16:29:41.678:  Rcv: 05 
Debug:   2024-11-27 16:29:41.678:  Snd: 04 
Debug:   2024-11-27 16:29:41.698:  Rcv: 0e 
Debug:   2024-11-27 16:29:41.708:  Rcv: 21 05 00 00 00 01 00 00 00 00 00 00 00 00 00 27 
Debug:   2024-11-27 16:29:41.708:  Snd: 06 
Debug:   2024-11-27 16:29:44.358:  Snd: 05 
Debug:   2024-11-27 16:29:44.379:  Rcv: 04 
Debug:   2024-11-27 16:29:44.389:  Snd: 03 70 10 00 00 80 
Debug:   2024-11-27 16:29:44.409:  Rcv: 06 
Debug:   2024-11-27 16:29:49.84:  Snd: 05 
Debug:   2024-11-27 16:29:49.104:  Rcv: 04 
Debug:   2024-11-27 16:29:49.114:  Snd: 04 62 21 10 90 01 23 
Debug:   2024-11-27 16:29:49.135:  Rcv: 06 
Debug:   2024-11-27 16:30:49.180:  Rcv: 05 
Debug:   2024-11-27 16:30:49.180:  Snd: 04 
Debug:   2024-11-27 16:30:49.200:  Rcv: 0e 
Debug:   2024-11-27 16:30:49.211:  Rcv: 21 04 00 00 00 00 00 00 00 00 00 00 00 00 00 25 
Debug:   2024-11-27 16:30:49.211:  Snd: 06 
Debug:   2024-11-27 16:30:51.871:  Snd: 05 
Debug:   2024-11-27 16:30:51.891:  Rcv: 04 
Debug:   2024-11-27 16:30:51.901:  Snd: 03 70 00 10 00 80 
Debug:   2024-11-27 16:30:51.922:  Rcv: 06 
Debug:   2024-11-27 16:30:56.536:  Snd: 05 
Debug:   2024-11-27 16:30:56.556:  Rcv: 04 
Debug:   2024-11-27 16:30:56.567:  Snd: 04 62 21 00 90 01 13 
Debug:   2024-11-27 16:30:56.587:  Rcv: 06 
Debug:   2024-11-27 16:31:04.255:  Rcv: 05 
Debug:   2024-11-27 16:31:04.255:  Snd: 04 
Debug:   2024-11-27 16:31:04.275:  Rcv: 06 
Debug:   2024-11-27 16:31:04.285:  Rcv: 21 0c 00 00 00 02 00 2f 
Debug:   2024-11-27 16:31:04.285:  Snd: 06 
Debug:   2024-11-27 16:31:04.397:  Snd: 05 
Debug:   2024-11-27 16:31:04.417:  Rcv: 04 
Debug:   2024-11-27 16:31:04.427:  Snd: 04 62 21 00 90 01 13 
Debug:   2024-11-27 16:31:04.447:  Rcv: 06 
Debug:   2024-11-27 16:31:04.458:  Rcv: 05 
Debug:   2024-11-27 16:31:04.458:  Snd: 04 
Debug:   2024-11-27 16:31:04.478:  Rcv: 0e 
Debug:   2024-11-27 16:31:04.488:  Rcv: 21 05 00 00 00 01 00 00 00 00 00 00 00 00 00 27 
Debug:   2024-11-27 16:31:04.488:  Snd: 06 
Debug:   2024-11-27 16:31:07.158:  Snd: 05 
Debug:   2024-11-27 16:31:07.178:  Rcv: 04 
Debug:   2024-11-27 16:31:07.189:  Snd: 03 70 10 00 00 80 
Debug:   2024-11-27 16:31:07.209:  Rcv: 06 
Debug:   2024-11-27 16:31:11.884:  Snd: 05 
Debug:   2024-11-27 16:31:11.904:  Rcv: 04 
Debug:   2024-11-27 16:31:11.914:  Snd: 04 62 21 10 90 01 23 
Debug:   2024-11-27 16:31:11.935:  Rcv: 06 
Debug:   2024-11-27 16:31:15.642:  Rcv: 05 
Debug:   2024-11-27 16:31:15.642:  Snd: 04 
Debug:   2024-11-27 16:31:15.663:  Rcv: 02 
Debug:   2024-11-27 16:31:15.673:  Rcv: 08 64 00 6c 
Debug:   2024-11-27 16:31:15.673:  Snd: 06 
Debug:   2024-11-27 16:31:15.693:  Snd: 05 
Debug:   2024-11-27 16:31:15.714:  Rcv: 04 
Debug:   2024-11-27 16:31:15.724:  Snd: 04 62 08 10 90 01 0a 
Debug:   2024-11-27 16:31:15.744:  Rcv: 06 
Debug:   2024-11-27 16:32:23.952:  Rcv: 05 
Debug:   2024-11-27 16:32:23.952:  Snd: 04 
Debug:   2024-11-27 16:32:23.973:  Rcv: 02 
Debug:   2024-11-27 16:32:23.983:  Rcv: 08 64 00 6c 
Debug:   2024-11-27 16:32:23.983:  Snd: 06 
Debug:   2024-11-27 16:32:24.4:  Snd: 05 
Debug:   2024-11-27 16:32:24.24:  Rcv: 04 
Debug:   2024-11-27 16:32:24.34:  Snd: 04 62 08 10 90 01 0a 
Debug:   2024-11-27 16:32:24.54:  Rcv: 06 
Debug:   2024-11-27 16:32:29.787:  Rcv: 05 
Debug:   2024-11-27 16:32:29.787:  Snd: 04 
Debug:   2024-11-27 16:32:29.808:  Rcv: 0e 
Debug:   2024-11-27 16:32:29.818:  Rcv: 21 04 00 00 00 00 00 00 00 00 00 00 00 00 00 25 
Debug:   2024-11-27 16:32:29.818:  Snd: 06 
Debug:   2024-11-27 16:32:30.675:  Snd: 05 
Debug:   2024-11-27 16:32:30.695:  Rcv: 04 
Debug:   2024-11-27 16:32:30.705:  Snd: 03 70 00 10 00 80 
Debug:   2024-11-27 16:32:30.725:  Rcv: 06 
Debug:   2024-11-27 16:32:31.914:  Snd: 05 
Debug:   2024-11-27 16:32:31.935:  Rcv: 04 
Debug:   2024-11-27 16:32:31.945:  Snd: 04 62 21 00 90 01 13 
Debug:   2024-11-27 16:32:31.965:  Rcv: 06 
Debug:   2024-11-27 16:32:32.86:  Rcv: 05 
Debug:   2024-11-27 16:32:32.86:  Snd: 04 
Debug:   2024-11-27 16:32:32.107:  Rcv: 06 
Debug:   2024-11-27 16:32:32.117:  Rcv: 21 0c 04 00 00 02 00 33 
Debug:   2024-11-27 16:32:32.117:  Snd: 06 
Debug:   2024-11-27 16:32:33.286:  Snd: 05 
Debug:   2024-11-27 16:32:33.306:  Rcv: 04 
Debug:   2024-11-27 16:32:33.316:  Snd: 04 62 21 00 90 01 13 
Debug:   2024-11-27 16:32:33.337:  Rcv: 06 
Debug:   2024-11-27 16:34:36.542:  Rcv: 05 
Debug:   2024-11-27 16:34:36.542:  Snd: 04 
Debug:   2024-11-27 16:34:36.563:  Rcv: 06 
Debug:   2024-11-27 16:34:36.573:  Rcv: 21 0c 00 00 00 02 00 2f 
Debug:   2024-11-27 16:34:36.573:  Snd: 06 
Debug:   2024-11-27 16:34:37.742:  Snd: 05 
Debug:   2024-11-27 16:34:37.762:  Rcv: 04 
Debug:   2024-11-27 16:34:37.772:  Snd: 04 62 21 00 90 01 13 
Debug:   2024-11-27 16:34:37.793:  Rcv: 06 
Debug:   2024-11-27 16:34:37.803:  Rcv: 05 
Debug:   2024-11-27 16:34:37.803:  Snd: 04 
Debug:   2024-11-27 16:34:37.823:  Rcv: 0e 
Debug:   2024-11-27 16:34:37.834:  Rcv: 21 05 00 00 00 01 00 00 00 00 00 00 00 00 00 27 
Debug:   2024-11-27 16:34:37.834:  Snd: 06 
Debug:   2024-11-27 16:34:38.720:  Snd: 05 
Debug:   2024-11-27 16:34:38.741:  Rcv: 04 
Debug:   2024-11-27 16:34:38.751:  Snd: 03 70 10 00 00 80 
Debug:   2024-11-27 16:34:38.771:  Rcv: 06 
Debug:   2024-11-27 16:34:40.31:  Snd: 05 
Debug:   2024-11-27 16:34:40.51:  Rcv: 04 
Debug:   2024-11-27 16:34:40.61:  Snd: 04 62 21 10 90 01 23 
Debug:   2024-11-27 16:34:40.82:  Rcv: 06 
Debug:   2024-11-27 16:34:42.117:  Rcv: 05 
Debug:   2024-11-27 16:34:42.118:  Snd: 04 
Debug:   2024-11-27 16:34:42.138:  Rcv: 02 
Debug:   2024-11-27 16:34:42.148:  Rcv: 08 64 00 6c 
Debug:   2024-11-27 16:34:42.148:  Snd: 06 
Debug:   2024-11-27 16:34:42.169:  Snd: 05 
Debug:   2024-11-27 16:34:42.189:  Rcv: 04 
Debug:   2024-11-27 16:34:42.199:  Snd: 04 62 08 10 90 01 0a 
Debug:   2024-11-27 16:34:42.220:  Rcv: 06 
Debug:   2024-11-27 16:35:43.959:  Rcv: 05 
Debug:   2024-11-27 16:35:43.959:  Snd: 04 
Debug:   2024-11-27 16:35:43.980:  Rcv: 0e 
Debug:   2024-11-27 16:35:43.990:  Rcv: 21 04 00 00 00 00 00 00 00 00 00 00 00 00 00 25 
Debug:   2024-11-27 16:35:43.990:  Snd: 06 
Debug:   2024-11-27 16:35:44.857:  Snd: 05 
Debug:   2024-11-27 16:35:44.877:  Rcv: 04 
Debug:   2024-11-27 16:35:44.887:  Snd: 03 70 00 10 00 80 
Debug:   2024-11-27 16:35:44.907:  Rcv: 06 
Debug:   2024-11-27 16:35:46.107:  Snd: 05 
Debug:   2024-11-27 16:35:46.127:  Rcv: 04 
Debug:   2024-11-27 16:35:46.137:  Snd: 04 62 21 00 90 01 13 
Debug:   2024-11-27 16:35:46.157:  Rcv: 06 
Debug:   2024-11-27 16:35:46.258:  Rcv: 05 
Debug:   2024-11-27 16:35:46.258:  Snd: 04 
Debug:   2024-11-27 16:35:46.279:  Rcv: 06 
Debug:   2024-11-27 16:35:46.289:  Rcv: 21 0c 04 00 00 02 00 33 
Debug:   2024-11-27 16:35:46.289:  Snd: 06 
Debug:   2024-11-27 16:35:47.468:  Snd: 05 
Debug:   2024-11-27 16:35:47.488:  Rcv: 04 
Debug:   2024-11-27 16:35:47.499:  Snd: 04 62 21 00 90 01 13 
Debug:   2024-11-27 16:35:47.519:  Rcv: 06 
Debug:   2024-11-27 16:35:47.529:  Rcv: 05 
Debug:   2024-11-27 16:35:47.529:  Snd: 04 
Debug:   2024-11-27 16:35:47.549:  Rcv: 0e 
Debug:   2024-11-27 16:35:47.560:  Rcv: 21 05 04 00 00 01 00 00 00 00 00 00 00 00 00 2b 
Debug:   2024-11-27 16:35:47.560:  Snd: 06 
Debug:   2024-11-27 16:35:48.386:  Snd: 05 
Debug:   2024-11-27 16:35:48.406:  Rcv: 04 
Debug:   2024-11-27 16:35:48.417:  Snd: 03 70 10 00 00 80 
Debug:   2024-11-27 16:35:48.437:  Rcv: 06 
Debug:   2024-11-27 16:35:49.626:  Snd: 05 
Debug:   2024-11-27 16:35:49.646:  Rcv: 04 
Debug:   2024-11-27 16:35:49.656:  Snd: 04 62 21 10 90 01 23 
Debug:   2024-11-27 16:35:49.677:  Rcv: 06 
Debug:   2024-11-27 16:35:49.767:  Rcv: 05 
Debug:   2024-11-27 16:35:49.768:  Snd: 04 
Debug:   2024-11-27 16:35:49.788:  Rcv: 0e 
Debug:   2024-11-27 16:35:49.798:  Rcv: 21 04 05 00 00 00 00 00 00 00 00 00 00 00 00 2a 
Debug:   2024-11-27 16:35:49.798:  Snd: 06 
Debug:   2024-11-27 16:35:51.743:  Snd: 05 
Debug:   2024-11-27 16:35:51.763:  Rcv: 04 
Debug:   2024-11-27 16:35:51.773:  Snd: 03 70 00 10 00 80 
Debug:   2024-11-27 16:35:51.794:  Rcv: 06 
Debug:   2024-11-27 16:35:52.932:  Snd: 05 
Debug:   2024-11-27 16:35:52.952:  Rcv: 04 
Debug:   2024-11-27 16:35:52.963:  Snd: 04 62 21 00 90 01 13 
Debug:   2024-11-27 16:35:52.983:  Rcv: 06 
Debug:   2024-11-27 16:35:53.104:  Rcv: 05 
Debug:   2024-11-27 16:35:53.104:  Snd: 04 
Debug:   2024-11-27 16:35:53.124:  Rcv: 06 
Debug:   2024-11-27 16:35:53.135:  Rcv: 21 0c 03 18 00 02 00 4a 
Debug:   2024-11-27 16:35:53.135:  Snd: 06 
Debug:   2024-11-27 16:35:54.415:  Snd: 05 
Debug:   2024-11-27 16:35:54.435:  Rcv: 04 
Debug:   2024-11-27 16:35:54.445:  Snd: 04 62 21 00 90 01 13 
Debug:   2024-11-27 16:35:54.465:  Rcv: 06 
Debug:   2024-11-27 16:38:10.84:  Rcv: 05 
Debug:   2024-11-27 16:38:10.84:  Snd: 04 
Debug:   2024-11-27 16:38:10.104:  Rcv: 01 
Debug:   2024-11-27 16:38:10.114:  Rcv: 06 00 06 
Debug:   2024-11-27 16:38:10.114:  Snd: 06 
Debug:   2024-11-27 16:38:10.165:  Snd: 05 
Debug:   2024-11-27 16:38:10.185:  Rcv: 04 
Debug:   2024-11-27 16:38:10.196:  Snd: 04 62 06 00 90 00 f8 
Debug:   2024-11-27 16:38:10.216:  Rcv: 06 
Debug:   2024-11-27 16:38:10.226:  Rcv: 05 
Debug:   2024-11-27 16:38:10.226:  Snd: 04 
Debug:   2024-11-27 16:38:10.247:  Rcv: 01 
Debug:   2024-11-27 16:38:10.257:  Rcv: 22 00 22 
Debug:   2024-11-27 16:38:10.257:  Snd: 06 
Debug:   2024-11-27 16:38:14.459:  Snd: 05 
Debug:   2024-11-27 16:38:14.479:  Rcv: 04 
Debug:   2024-11-27 16:38:14.489:  Snd: 04 62 22 00 90 01 14 
Debug:   2024-11-27 16:38:14.510:  Rcv: 06 
Debug:   2024-11-27 16:38:14.520:  Rcv: 05 
Debug:   2024-11-27 16:38:14.520:  Snd: 04 
Debug:   2024-11-27 16:38:14.540:  Rcv: 01 
Debug:   2024-11-27 16:38:14.550:  Rcv: 01 00 01 
Debug:   2024-11-27 16:38:14.551:  Snd: 06 
Debug:   2024-11-27 16:38:14.571:  Snd: 05 
Debug:   2024-11-27 16:38:14.591:  Rcv: 04 
Debug:   2024-11-27 16:38:14.601:  Snd: 15 61 27 00 00 64 00 90 00 00 00 00 00 00 00 f0 00 00 00 00 00 00 02 6c 
Debug:   2024-11-27 16:38:14.642:  Rcv: 06 
Debug:   2024-11-27 16:42:44.622:  Rcv: 05 
Debug:   2024-11-27 16:42:44.622:  Snd: 04 
Debug:   2024-11-27 16:42:44.642:  Rcv: 01 
Debug:   2024-11-27 16:42:44.652:  Rcv: 06 00 06 
Debug:   2024-11-27 16:42:44.652:  Snd: 06 
Debug:   2024-11-27 16:42:44.703:  Snd: 05 
Debug:   2024-11-27 16:42:44.723:  Rcv: 04 
Debug:   2024-11-27 16:42:44.734:  Snd: 04 62 06 00 90 00 f8 
Debug:   2024-11-27 16:42:44.754:  Rcv: 06 
Debug:   2024-11-27 16:42:44.764:  Rcv: 05 
Debug:   2024-11-27 16:42:44.764:  Snd: 04 
Debug:   2024-11-27 16:42:44.784:  Rcv: 01 
Debug:   2024-11-27 16:42:44.795:  Rcv: 22 00 22 
Debug:   2024-11-27 16:42:44.795:  Snd: 06 
Debug:   2024-11-27 16:42:48.271:  Snd: 05 
Debug:   2024-11-27 16:42:48.291:  Rcv: 04 
Debug:   2024-11-27 16:42:48.301:  Snd: 04 62 22 00 90 01 14 
Debug:   2024-11-27 16:42:48.322:  Rcv: 06 
Debug:   2024-11-27 16:42:48.332:  Rcv: 05 
Debug:   2024-11-27 16:42:48.332:  Snd: 04 
Debug:   2024-11-27 16:42:48.352:  Rcv: 01 
Debug:   2024-11-27 16:42:48.363:  Rcv: 01 00 01 
Debug:   2024-11-27 16:42:48.363:  Snd: 06 
Debug:   2024-11-27 16:42:48.383:  Snd: 05 
Debug:   2024-11-27 16:42:48.403:  Rcv: 04 
Debug:   2024-11-27 16:42:48.414:  Snd: 15 61 27 00 00 64 00 90 00 00 00 00 00 00 00 f0 00 00 00 00 00 00 02 6c 
Debug:   2024-11-27 16:42:48.454:  Rcv: 06 
Debug:   2024-11-27 16:44:01.971:  Rcv: 05 
Debug:   2024-11-27 16:44:01.971:  Snd: 04 
Debug:   2024-11-27 16:44:01.991:  Rcv: 01 
Debug:   2024-11-27 16:44:02.2:  Rcv: 06 00 06 
Debug:   2024-11-27 16:44:02.2:  Snd: 06 
Debug:   2024-11-27 16:44:02.52:  Snd: 05 
Debug:   2024-11-27 16:44:02.73:  Rcv: 04 
Debug:   2024-11-27 16:44:02.83:  Snd: 04 62 06 00 90 00 f8 
Debug:   2024-11-27 16:44:02.103:  Rcv: 06 
Debug:   2024-11-27 16:44:02.113:  Rcv: 05 
Debug:   2024-11-27 16:44:02.113:  Snd: 04 
Debug:   2024-11-27 16:44:02.134:  Rcv: 01 
Debug:   2024-11-27 16:44:02.144:  Rcv: 22 00 22 
Debug:   2024-11-27 16:44:02.144:  Snd: 06 
Debug:   2024-11-27 16:44:05.630:  Snd: 05 
Debug:   2024-11-27 16:44:05.650:  Rcv: 04 
Debug:   2024-11-27 16:44:05.661:  Snd: 04 62 22 00 90 01 14 
Debug:   2024-11-27 16:44:05.681:  Rcv: 06 
Debug:   2024-11-27 16:44:05.691:  Rcv: 05 
Debug:   2024-11-27 16:44:05.691:  Snd: 04 
Debug:   2024-11-27 16:44:05.712:  Rcv: 01 
Debug:   2024-11-27 16:44:05.722:  Rcv: 01 00 01 
Debug:   2024-11-27 16:44:05.722:  Snd: 06 
Debug:   2024-11-27 16:44:05.742:  Snd: 05 
Debug:   2024-11-27 16:44:05.763:  Rcv: 04 
Debug:   2024-11-27 16:44:05.773:  Snd: 15 61 27 00 00 64 00 90 00 00 00 00 00 00 00 f0 00 00 00 00 00 00 02 6c 
Debug:   2024-11-27 16:44:05.823:  Rcv: 06 
Debug:   2024-11-27 16:46:38.480:  Rcv: 05 
Debug:   2024-11-27 16:46:38.480:  Snd: 04 
Debug:   2024-11-27 16:46:38.500:  Rcv: 06 
Debug:   2024-11-27 16:46:38.511:  Rcv: 21 0c 00 18 00 02 00 47 
Debug:   2024-11-27 16:46:38.511:  Snd: 06 
Debug:   2024-11-27 16:46:40.365:  Snd: 05 
Debug:   2024-11-27 16:46:40.385:  Rcv: 04 
Debug:   2024-11-27 16:46:40.395:  Snd: 04 62 21 00 90 01 13 
Debug:   2024-11-27 16:46:40.416:  Rcv: 06 
Debug:   2024-11-27 16:46:40.758:  Rcv: 05 
Debug:   2024-11-27 16:46:40.759:  Snd: 04 
Debug:   2024-11-27 16:46:40.779:  Rcv: 0e 
Debug:   2024-11-27 16:46:40.789:  Rcv: 21 05 00 18 00 01 00 7b 00 ab 00 00 00 00 01 65 
Debug:   2024-11-27 16:46:40.789:  Snd: 06 
Debug:   2024-11-27 16:46:41.666:  Snd: 05 
Debug:   2024-11-27 16:46:41.686:  Rcv: 04 
Debug:   2024-11-27 16:46:41.696:  Snd: 03 70 10 00 00 80 
Debug:   2024-11-27 16:46:41.717:  Rcv: 06 
Debug:   2024-11-27 16:46:42.976:  Snd: 05 
Debug:   2024-11-27 16:46:42.997:  Rcv: 04 
Debug:   2024-11-27 16:46:43.7:  Snd: 04 62 21 10 90 01 23 
Debug:   2024-11-27 16:46:43.27:  Rcv: 06 
Debug:   2024-11-27 16:47:05.304:  Rcv: 05 
Debug:   2024-11-27 16:47:05.304:  Snd: 04 
Debug:   2024-11-27 16:47:05.325:  Rcv: 0e 
Debug:   2024-11-27 16:47:05.335:  Rcv: 21 04 04 00 00 00 00 00 00 00 00 00 00 00 00 29 
Debug:   2024-11-27 16:47:05.335:  Snd: 06 
Debug:   2024-11-27 16:47:07.239:  Snd: 05 
Debug:   2024-11-27 16:47:07.260:  Rcv: 04 
Debug:   2024-11-27 16:47:07.270:  Snd: 03 70 00 10 00 80 
Debug:   2024-11-27 16:47:07.290:  Rcv: 06 
Debug:   2024-11-27 16:47:08.399:  Snd: 05 
Debug:   2024-11-27 16:47:08.419:  Rcv: 04 
Debug:   2024-11-27 16:47:08.429:  Snd: 04 62 21 00 90 01 13 
Debug:   2024-11-27 16:47:08.449:  Rcv: 06 
Debug:   2024-11-27 16:47:08.943:  Rcv: 05 
Debug:   2024-11-27 16:47:08.943:  Snd: 04 
Debug:   2024-11-27 16:47:08.964:  Rcv: 06 
Debug:   2024-11-27 16:47:08.974:  Rcv: 21 0c 05 00 00 02 00 34 
Debug:   2024-11-27 16:47:08.974:  Snd: 06 
Debug:   2024-11-27 16:47:10.183:  Snd: 05 
Debug:   2024-11-27 16:47:10.204:  Rcv: 04 
Debug:   2024-11-27 16:47:10.214:  Snd: 04 62 21 00 90 01 13 
Debug:   2024-11-27 16:47:10.234:  Rcv: 06 
Debug:   2024-11-27 16:47:11.10:  Rcv: 05 
Debug:   2024-11-27 16:47:11.10:  Snd: 04 
Debug:   2024-11-27 16:47:11.32:  Rcv: 0e 
Debug:   2024-11-27 16:47:11.42:  Rcv: 21 05 05 00 00 01 00 fb 00 64 00 00 00 00 01 8b 
Debug:   2024-11-27 16:47:11.42:  Snd: 06 
Debug:   2024-11-27 16:47:11.878:  Snd: 05 
Debug:   2024-11-27 16:47:11.899:  Rcv: 04 
Debug:   2024-11-27 16:47:11.909:  Snd: 03 70 10 00 00 80 
Debug:   2024-11-27 16:47:11.929:  Rcv: 06 
Debug:   2024-11-27 16:47:13.138:  Snd: 05 
Debug:   2024-11-27 16:47:13.159:  Rcv: 04 
Debug:   2024-11-27 16:47:13.169:  Snd: 04 62 21 10 90 01 23 
Debug:   2024-11-27 16:47:13.189:  Rcv: 06 
Debug:   2024-11-27 16:49:56.156:  Rcv: 05 
Debug:   2024-11-27 16:49:56.156:  Snd: 04 
Debug:   2024-11-27 16:49:56.176:  Rcv: 01 
Debug:   2024-11-27 16:49:56.187:  Rcv: 01 00 01 
Debug:   2024-11-27 16:49:56.187:  Snd: 06 
Debug:   2024-11-27 16:49:56.207:  Snd: 05 
Debug:   2024-11-27 16:49:56.228:  Rcv: 04 
Debug:   2024-11-27 16:49:56.238:  Snd: 15 61 27 00 00 64 10 90 00 00 00 00 00 00 01 f0 00 00 00 00 00 00 02 7d 
Debug:   2024-11-27 16:49:56.288:  Rcv: 06 
Debug:   2024-11-27 16:50:00.671:  Rcv: 05 
Debug:   2024-11-27 16:50:00.671:  Snd: 04 
Debug:   2024-11-27 16:50:00.692:  Rcv: 01 
Debug:   2024-11-27 16:50:00.702:  Rcv: 06 00 06 
Debug:   2024-11-27 16:50:00.702:  Snd: 06 
Debug:   2024-11-27 16:50:00.753:  Snd: 05 
Debug:   2024-11-27 16:50:00.773:  Rcv: 04 
Debug:   2024-11-27 16:50:00.783:  Snd: 04 62 06 10 90 01 08 
Debug:   2024-11-27 16:50:00.814:  Rcv: 06 
Debug:   2024-11-27 16:50:00.824:  Rcv: 05 
Debug:   2024-11-27 16:50:00.824:  Snd: 04 
Debug:   2024-11-27 16:50:00.844:  Rcv: 01 
Debug:   2024-11-27 16:50:00.854:  Rcv: 22 00 22 
Debug:   2024-11-27 16:50:00.854:  Snd: 06 
Debug:   2024-11-27 16:50:00.935:  Snd: 05 
Debug:   2024-11-27 16:50:00.956:  Rcv: 04 
Debug:   2024-11-27 16:50:00.966:  Snd: 03 70 00 10 00 80 
Debug:   2024-11-27 16:50:00.986:  Rcv: 06 
Debug:   2024-11-27 16:50:01.490:  Snd: 05 
Debug:   2024-11-27 16:50:01.510:  Rcv: 04 
Debug:   2024-11-27 16:50:01.521:  Snd: 03 70 10 00 00 80 
Debug:   2024-11-27 16:50:01.541:  Rcv: 06 
Debug:   2024-11-27 16:51:04.179:  Snd: 05 
Debug:   2024-11-27 16:51:04.199:  Rcv: 04 
Debug:   2024-11-27 16:51:04.209:  Snd: 04 62 22 10 90 01 24 
Debug:   2024-11-27 16:51:04.229:  Rcv: 06 
Debug:   2024-11-27 16:51:04.240:  Rcv: 05 
Debug:   2024-11-27 16:51:04.240:  Snd: 04 
Debug:   2024-11-27 16:51:04.260:  Rcv: 01 
Debug:   2024-11-27 16:51:04.270:  Rcv: 01 00 01 
Debug:   2024-11-27 16:51:04.270:  Snd: 06 
Debug:   2024-11-27 16:51:04.291:  Snd: 05 
Debug:   2024-11-27 16:51:04.311:  Rcv: 04 
Debug:   2024-11-27 16:51:04.321:  Snd: 15 61 27 00 00 64 10 90 00 00 00 00 00 00 00 f0 00 00 00 00 00 00 02 7c 
Debug:   2024-11-27 16:51:04.372:  Rcv: 06 
Debug:   2024-11-27 16:51:24.935:  Rcv: 05 
Debug:   2024-11-27 16:51:24.936:  Snd: 04 
Debug:   2024-11-27 16:51:24.956:  Rcv: 0e 
Debug:   2024-11-27 16:51:24.966:  Rcv: 21 04 03 18 00 00 00 00 00 00 00 00 00 00 00 40 
Debug:   2024-11-27 16:51:24.966:  Snd: 06 
Debug:   2024-11-27 16:51:27.12:  Snd: 05 
Debug:   2024-11-27 16:51:27.32:  Rcv: 04 
Debug:   2024-11-27 16:51:27.42:  Snd: 03 70 00 10 00 80 
Debug:   2024-11-27 16:51:27.63:  Rcv: 06 
Debug:   2024-11-27 16:51:28.252:  Snd: 05 
Debug:   2024-11-27 16:51:28.272:  Rcv: 04 
Debug:   2024-11-27 16:51:28.282:  Snd: 04 62 21 00 90 01 13 
Debug:   2024-11-27 16:51:28.302:  Rcv: 06 
Debug:   2024-11-27 16:51:29.169:  Rcv: 05 
Debug:   2024-11-27 16:51:29.169:  Snd: 04 
Debug:   2024-11-27 16:51:29.189:  Rcv: 02 
Debug:   2024-11-27 16:51:29.200:  Rcv: 08 64 00 6c 
Debug:   2024-11-27 16:51:29.200:  Snd: 06 
Debug:   2024-11-27 16:51:29.220:  Snd: 05 
Debug:   2024-11-27 16:51:29.240:  Rcv: 04 
Debug:   2024-11-27 16:51:29.251:  Snd: 04 62 08 00 90 00 fa 
Debug:   2024-11-27 16:51:29.271:  Rcv: 06 
Debug:   2024-11-27 16:51:35.699:  Rcv: 05 
Debug:   2024-11-27 16:51:35.699:  Snd: 04 
Debug:   2024-11-27 16:51:35.719:  Rcv: 06 
Debug:   2024-11-27 16:51:35.729:  Rcv: 21 0c 00 00 00 02 00 2f 
Debug:   2024-11-27 16:51:35.730:  Snd: 06 
Debug:   2024-11-27 16:51:37.584:  Snd: 05 
Debug:   2024-11-27 16:51:37.604:  Rcv: 04 
Debug:   2024-11-27 16:51:37.614:  Snd: 04 62 21 00 90 01 13 
Debug:   2024-11-27 16:51:37.644:  Rcv: 06 
Debug:   2024-11-27 16:51:37.655:  Rcv: 05 
Debug:   2024-11-27 16:51:37.655:  Snd: 04 
Debug:   2024-11-27 16:51:37.675:  Rcv: 0e 
Debug:   2024-11-27 16:51:37.685:  Rcv: 21 05 00 00 00 01 00 e4 00 da 00 00 00 00 01 e5 
Debug:   2024-11-27 16:51:37.685:  Snd: 06 
Debug:   2024-11-27 16:51:38.592:  Snd: 05 
Debug:   2024-11-27 16:51:38.613:  Rcv: 04 
Debug:   2024-11-27 16:51:38.623:  Snd: 03 70 10 00 00 80 
Debug:   2024-11-27 16:51:38.643:  Rcv: 06 
Debug:   2024-11-27 16:51:39.913:  Snd: 05 
Debug:   2024-11-27 16:51:39.933:  Rcv: 04 
Debug:   2024-11-27 16:51:39.944:  Snd: 04 62 21 10 90 01 23 
Debug:   2024-11-27 16:51:39.964:  Rcv: 06 
Debug:   2024-11-27 16:51:47.338:  Rcv: 05 
Debug:   2024-11-27 16:51:47.338:  Snd: 04 
Debug:   2024-11-27 16:51:47.359:  Rcv: 0e 
Debug:   2024-11-27 16:51:47.369:  Rcv: 21 04 00 00 00 00 00 00 00 00 00 00 00 00 00 25 
Debug:   2024-11-27 16:51:47.369:  Snd: 06 
Debug:   2024-11-27 16:51:48.367:  Snd: 05 
Debug:   2024-11-27 16:51:48.387:  Rcv: 04 
Debug:   2024-11-27 16:51:48.397:  Snd: 03 70 00 10 00 80 
Debug:   2024-11-27 16:51:48.418:  Rcv: 06 
Debug:   2024-11-27 16:51:49.617:  Snd: 05 
Debug:   2024-11-27 16:51:49.637:  Rcv: 04 
Debug:   2024-11-27 16:51:49.647:  Snd: 04 62 21 00 90 01 13 
Debug:   2024-11-27 16:51:49.667:  Rcv: 06 
Debug:   2024-11-27 16:51:49.778:  Rcv: 05 
Debug:   2024-11-27 16:51:49.779:  Snd: 04 
Debug:   2024-11-27 16:51:49.799:  Rcv: 06 
Debug:   2024-11-27 16:51:49.809:  Rcv: 21 0c 04 00 00 02 00 33 
Debug:   2024-11-27 16:51:49.809:  Snd: 06 
Debug:   2024-11-27 16:51:50.988:  Snd: 05 
Debug:   2024-11-27 16:51:51.8:  Rcv: 04 
Debug:   2024-11-27 16:51:51.19:  Snd: 04 62 21 00 90 01 13 
Debug:   2024-11-27 16:51:51.39:  Rcv: 06 
Debug:   2024-11-27 16:51:51.845:  Rcv: 05 
Debug:   2024-11-27 16:51:51.845:  Snd: 04 
Debug:   2024-11-27 16:51:51.866:  Rcv: 0e 
Debug:   2024-11-27 16:51:51.876:  Rcv: 21 05 04 00 00 01 00 b7 00 a5 00 00 00 00 01 87 
Debug:   2024-11-27 16:51:51.876:  Snd: 06 
Debug:   2024-11-27 16:51:52.692:  Snd: 05 
Debug:   2024-11-27 16:51:52.713:  Rcv: 04 
Debug:   2024-11-27 16:51:52.723:  Snd: 03 70 10 00 00 80 
Debug:   2024-11-27 16:51:52.743:  Rcv: 06 
Debug:   2024-11-27 16:51:53.932:  Snd: 05 
Debug:   2024-11-27 16:51:53.952:  Rcv: 04 
Debug:   2024-11-27 16:51:53.963:  Snd: 04 62 21 10 90 01 23 
Debug:   2024-11-27 16:51:53.983:  Rcv: 06 
Debug:   2024-11-27 16:51:54.94:  Rcv: 05 
Debug:   2024-11-27 16:51:54.94:  Snd: 04 
Debug:   2024-11-27 16:51:54.114:  Rcv: 0e 
Debug:   2024-11-27 16:51:54.124:  Rcv: 21 04 05 00 00 00 00 00 00 00 00 00 00 00 00 2a 
Debug:   2024-11-27 16:51:54.125:  Snd: 06 
Debug:   2024-11-27 16:51:56.90:  Snd: 05 
Debug:   2024-11-27 16:51:56.110:  Rcv: 04 
Debug:   2024-11-27 16:51:56.120:  Snd: 03 70 00 10 00 80 
Debug:   2024-11-27 16:51:56.140:  Rcv: 06 
Debug:   2024-11-27 16:51:57.279:  Snd: 05 
Debug:   2024-11-27 16:51:57.299:  Rcv: 04 
Debug:   2024-11-27 16:51:57.310:  Snd: 04 62 21 00 90 01 13 
Debug:   2024-11-27 16:51:57.330:  Rcv: 06 
Debug:   2024-11-27 16:51:57.431:  Rcv: 05 
Debug:   2024-11-27 16:51:57.431:  Snd: 04 
Debug:   2024-11-27 16:51:57.451:  Rcv: 06 
Debug:   2024-11-27 16:51:57.461:  Rcv: 21 0c 03 18 00 02 00 4a 
Debug:   2024-11-27 16:51:57.462:  Snd: 06 
Debug:   2024-11-27 16:51:58.741:  Snd: 05 
Debug:   2024-11-27 16:51:58.762:  Rcv: 04 
Debug:   2024-11-27 16:51:58.772:  Snd: 04 62 21 00 90 01 13 
Debug:   2024-11-27 16:51:58.792:  Rcv: 06 
Debug:   2024-11-27 16:51:59.437:  Rcv: 05 
Debug:   2024-11-27 16:51:59.437:  Snd: 04 
Debug:   2024-11-27 16:51:59.458:  Rcv: 0e 
Debug:   2024-11-27 16:51:59.468:  Rcv: 21 05 03 18 00 01 ff cb ff e1 00 00 00 00 03 ec 
Debug:   2024-11-27 16:51:59.468:  Snd: 06 
Debug:   2024-11-27 16:52:00.335:  Snd: 05 
Debug:   2024-11-27 16:52:00.355:  Rcv: 04 
Debug:   2024-11-27 16:52:00.365:  Snd: 03 70 10 00 00 80 
Debug:   2024-11-27 16:52:00.385:  Rcv: 06 
Debug:   2024-11-27 16:52:01.645:  Snd: 05 
Debug:   2024-11-27 16:52:01.665:  Rcv: 04 
Debug:   2024-11-27 16:52:01.675:  Snd: 04 62 21 10 90 01 23 
Debug:   2024-11-27 16:52:01.696:  Rcv: 06 
Debug:   2024-11-27 16:52:01.807:  Rcv: 05 
Debug:   2024-11-27 16:52:01.807:  Snd: 04 
Debug:   2024-11-27 16:52:01.827:  Rcv: 06 
Debug:   2024-11-27 16:52:01.837:  Rcv: 21 0c 00 18 00 01 00 46 
Debug:   2024-11-27 16:52:01.837:  Snd: 06 
Debug:   2024-11-27 16:52:03.691:  Snd: 05 
Debug:   2024-11-27 16:52:03.712:  Rcv: 04 
Debug:   2024-11-27 16:52:03.722:  Snd: 04 62 21 10 90 01 23 
Debug:   2024-11-27 16:52:03.742:  Rcv: 06 
Debug:   2024-11-27 16:55:26.62:  Snd: 05 
Debug:   2024-11-27 16:55:28.77:  Snd: 05 
Debug:   2024-11-27 16:55:30.92:  Snd: 05 
Debug:   2024-11-27 16:55:32.107:  Snd: 05 
Debug:   2024-11-27 16:55:51.189:  Snd: 05 
Debug:   2024-11-27 16:55:53.205:  Snd: 05 
Debug:   2024-11-27 16:55:55.220:  Snd: 05 
Debug:   2024-11-27 16:55:57.235:  Snd: 05 
Debug:   2024-11-27 16:56:01.587:  Snd: 05 
Debug:   2024-11-27 16:56:03.603:  Snd: 05 
Debug:   2024-11-27 16:56:05.618:  Snd: 05 
Debug:   2024-11-27 16:56:07.633:  Snd: 05 
Debug:   2024-11-27 17:06:40.987:  Rcv: 05 
Debug:   2024-11-27 17:06:40.987:  Snd: 04 
Debug:   2024-11-27 17:06:41.7:  Rcv: 01 
Debug:   2024-11-27 17:06:41.18:  Rcv: 06 00 06 
Debug:   2024-11-27 17:06:41.18:  Snd: 06 
Debug:   2024-11-27 17:06:41.68:  Snd: 05 
Debug:   2024-11-27 17:06:41.89:  Rcv: 04 
Debug:   2024-11-27 17:06:41.99:  Snd: 04 62 06 00 90 00 f8 
Debug:   2024-11-27 17:06:41.119:  Rcv: 06 
Debug:   2024-11-27 17:06:41.129:  Rcv: 05 
Debug:   2024-11-27 17:06:41.129:  Snd: 04 
Debug:   2024-11-27 17:06:41.150:  Rcv: 01 
Debug:   2024-11-27 17:06:41.160:  Rcv: 22 00 22 
Debug:   2024-11-27 17:06:41.160:  Snd: 06 
Debug:   2024-11-27 17:07:44.490:  Snd: 05 
Debug:   2024-11-27 17:07:44.510:  Rcv: 04 
Debug:   2024-11-27 17:07:44.521:  Snd: 04 62 22 00 90 01 14 
Debug:   2024-11-27 17:07:44.541:  Rcv: 06 
Debug:   2024-11-27 17:07:44.561:  Rcv: 05 
Debug:   2024-11-27 17:07:44.561:  Snd: 04 
Debug:   2024-11-27 17:07:44.582:  Rcv: 01 
Debug:   2024-11-27 17:07:44.592:  Rcv: 01 00 01 
Debug:   2024-11-27 17:07:44.592:  Snd: 06 
Debug:   2024-11-27 17:07:44.612:  Snd: 05 
Debug:   2024-11-27 17:07:44.633:  Rcv: 04 
Debug:   2024-11-27 17:07:44.643:  Snd: 15 61 27 00 00 13 00 90 00 00 00 00 00 00 00 f0 00 00 00 00 00 00 02 1b 
Debug:   2024-11-27 17:07:44.683:  Rcv: 06 
Debug:   2024-11-27 17:09:25.112:  Rcv: 05 
Debug:   2024-11-27 17:09:25.112:  Snd: 04 
Debug:   2024-11-27 17:09:25.133:  Rcv: 06 
Debug:   2024-11-27 17:09:25.143:  Rcv: 21 0c 05 00 00 02 00 34 
Debug:   2024-11-27 17:09:25.143:  Snd: 06 
Debug:   2024-11-27 17:09:30.926:  Snd: 05 
Debug:   2024-11-27 17:09:30.947:  Rcv: 04 
Debug:   2024-11-27 17:09:30.957:  Snd: 04 62 21 00 90 01 13 
Debug:   2024-11-27 17:09:30.977:  Rcv: 06 
Debug:   2024-11-27 17:09:30.997:  Rcv: 05 
Debug:   2024-11-27 17:09:30.998:  Snd: 04 
Debug:   2024-11-27 17:09:31.18:  Rcv: 0e 
Debug:   2024-11-27 17:09:31.28:  Rcv: 21 05 05 00 00 01 00 11 00 06 00 00 00 00 00 43 
Debug:   2024-11-27 17:09:31.28:  Snd: 06 
Debug:   2024-11-27 17:09:33.577:  Snd: 05 
Debug:   2024-11-27 17:09:33.598:  Rcv: 04 
Debug:   2024-11-27 17:09:33.608:  Snd: 03 70 10 00 00 80 
Debug:   2024-11-27 17:09:33.629:  Rcv: 06 
Debug:   2024-11-27 17:09:38.203:  Snd: 05 
Debug:   2024-11-27 17:09:38.223:  Rcv: 04 
Debug:   2024-11-27 17:09:38.233:  Snd: 04 62 21 10 90 01 23 
Debug:   2024-11-27 17:09:38.254:  Rcv: 06 
Debug:   2024-11-27 17:09:53.678:  Rcv: 05 
Debug:   2024-11-27 17:09:53.679:  Snd: 04 
Debug:   2024-11-27 17:09:53.699:  Rcv: 0e 
Debug:   2024-11-27 17:09:53.709:  Rcv: 21 04 03 18 00 00 00 00 00 00 00 00 00 00 00 40 
Debug:   2024-11-27 17:09:53.709:  Snd: 06 
Debug:   2024-11-27 17:10:02.303:  Snd: 05 
Debug:   2024-11-27 17:10:02.324:  Rcv: 04 
Debug:   2024-11-27 17:10:02.334:  Snd: 03 70 00 10 00 80 
Debug:   2024-11-27 17:10:02.354:  Rcv: 06 
Debug:   2024-11-27 17:10:06.959:  Snd: 05 
Debug:   2024-11-27 17:10:06.979:  Rcv: 04 
Debug:   2024-11-27 17:10:06.989:  Snd: 04 62 21 00 90 01 13 
Debug:   2024-11-27 17:10:07.9:  Rcv: 06 
Debug:   2024-11-27 17:10:08.793:  Rcv: 05 
Debug:   2024-11-27 17:10:08.793:  Snd: 04 
Debug:   2024-11-27 17:10:08.813:  Rcv: 02 
Debug:   2024-11-27 17:10:08.824:  Rcv: 08 64 00 6c 
Debug:   2024-11-27 17:10:08.824:  Snd: 06 
Debug:   2024-11-27 17:10:08.844:  Snd: 05 
Debug:   2024-11-27 17:10:08.864:  Rcv: 04 
Debug:   2024-11-27 17:10:08.875:  Snd: 04 62 08 00 90 00 fa 
Debug:   2024-11-27 17:10:08.895:  Rcv: 06 
Debug:   2024-11-27 17:10:09.973:  Rcv: 05 
Debug:   2024-11-27 17:10:09.973:  Snd: 04 
Debug:   2024-11-27 17:10:09.993:  Rcv: 06 
Debug:   2024-11-27 17:10:10.4:  Rcv: 21 0c 00 00 00 02 00 2f 
Debug:   2024-11-27 17:10:10.4:  Snd: 06 
Debug:   2024-11-27 17:10:11.858:  Snd: 05 
Debug:   2024-11-27 17:10:11.878:  Rcv: 04 
Debug:   2024-11-27 17:10:11.888:  Snd: 04 62 21 00 90 01 13 
Debug:   2024-11-27 17:10:11.909:  Rcv: 06 
Debug:   2024-11-27 17:10:11.919:  Rcv: 05 
Debug:   2024-11-27 17:10:11.919:  Snd: 04 
Debug:   2024-11-27 17:10:11.939:  Rcv: 0e 
Debug:   2024-11-27 17:10:11.950:  Rcv: 21 05 00 00 00 01 01 03 00 cf 00 00 00 00 00 fa 
Debug:   2024-11-27 17:10:11.950:  Snd: 06 
Debug:   2024-11-27 17:10:12.847:  Snd: 05 
Debug:   2024-11-27 17:10:12.867:  Rcv: 04 
Debug:   2024-11-27 17:10:12.877:  Snd: 03 70 10 00 00 80 
Debug:   2024-11-27 17:10:12.897:  Rcv: 06 
Debug:   2024-11-27 17:10:14.177:  Snd: 05 
Debug:   2024-11-27 17:10:14.197:  Rcv: 04 
Debug:   2024-11-27 17:10:14.208:  Snd: 04 62 21 10 90 01 23 
Debug:   2024-11-27 17:10:14.228:  Rcv: 06 
Debug:   2024-11-27 17:10:56.937:  Rcv: 05 
Debug:   2024-11-27 17:10:56.937:  Snd: 04 
Debug:   2024-11-27 17:10:56.957:  Rcv: 0e 
Debug:   2024-11-27 17:10:56.968:  Rcv: 21 04 00 00 00 00 00 00 00 00 00 00 00 00 00 25 
Debug:   2024-11-27 17:10:56.968:  Snd: 06 
Debug:   2024-11-27 17:10:57.976:  Snd: 05 
Debug:   2024-11-27 17:10:57.996:  Rcv: 04 
Debug:   2024-11-27 17:10:58.6:  Snd: 03 70 00 10 00 80 
Debug:   2024-11-27 17:10:58.27:  Rcv: 06 
Debug:   2024-11-27 17:10:59.215:  Snd: 05 
Debug:   2024-11-27 17:10:59.236:  Rcv: 04 
Debug:   2024-11-27 17:10:59.246:  Snd: 04 62 21 00 90 01 13 
Debug:   2024-11-27 17:10:59.266:  Rcv: 06 
Debug:   2024-11-27 17:10:59.357:  Rcv: 05 
Debug:   2024-11-27 17:10:59.357:  Snd: 04 
Debug:   2024-11-27 17:10:59.378:  Rcv: 06 
Debug:   2024-11-27 17:10:59.388:  Rcv: 21 0c 04 00 00 02 00 33 
Debug:   2024-11-27 17:10:59.388:  Snd: 06 
Debug:   2024-11-27 17:11:00.557:  Snd: 05 
Debug:   2024-11-27 17:11:00.577:  Rcv: 04 
Debug:   2024-11-27 17:11:00.587:  Snd: 04 62 21 00 90 01 13 
Debug:   2024-11-27 17:11:00.608:  Rcv: 06 
Debug:   2024-11-27 17:11:00.789:  Rcv: 05 
Debug:   2024-11-27 17:11:00.789:  Snd: 04 
Debug:   2024-11-27 17:11:00.809:  Rcv: 0e 
Debug:   2024-11-27 17:11:00.820:  Rcv: 21 05 04 00 00 01 00 ac 00 99 00 00 00 00 01 70 
Debug:   2024-11-27 17:11:00.820:  Snd: 06 
Debug:   2024-11-27 17:11:01.656:  Snd: 05 
Debug:   2024-11-27 17:11:01.677:  Rcv: 04 
Debug:   2024-11-27 17:11:01.687:  Snd: 03 70 10 00 00 80 
Debug:   2024-11-27 17:11:01.707:  Rcv: 06 
Debug:   2024-11-27 17:11:02.896:  Snd: 05 
Debug:   2024-11-27 17:11:02.916:  Rcv: 04 
Debug:   2024-11-27 17:11:02.927:  Snd: 04 62 21 10 90 01 23 
Debug:   2024-11-27 17:11:02.947:  Rcv: 06 
Debug:   2024-11-27 17:11:03.28:  Rcv: 05 
Debug:   2024-11-27 17:11:03.28:  Snd: 04 
Debug:   2024-11-27 17:11:03.48:  Rcv: 0e 
Debug:   2024-11-27 17:11:03.58:  Rcv: 21 04 05 00 00 00 00 00 00 00 00 00 00 00 00 2a 
Debug:   2024-11-27 17:11:03.58:  Snd: 06 
Debug:   2024-11-27 17:11:05.13:  Snd: 05 
Debug:   2024-11-27 17:11:05.33:  Rcv: 04 
Debug:   2024-11-27 17:11:05.44:  Snd: 03 70 00 10 00 80 
Debug:   2024-11-27 17:11:05.64:  Rcv: 06 
Debug:   2024-11-27 17:11:06.192:  Snd: 05 
Debug:   2024-11-27 17:11:06.213:  Rcv: 04 
Debug:   2024-11-27 17:11:06.223:  Snd: 04 62 21 00 90 01 13 
Debug:   2024-11-27 17:11:06.243:  Rcv: 06 
Debug:   2024-11-27 17:11:06.354:  Rcv: 05 
Debug:   2024-11-27 17:11:06.354:  Snd: 04 
Debug:   2024-11-27 17:11:06.375:  Rcv: 06 
Debug:   2024-11-27 17:11:06.385:  Rcv: 21 0c 03 18 00 02 00 4a 
Debug:   2024-11-27 17:11:06.385:  Snd: 06 
Debug:   2024-11-27 17:11:07.654:  Snd: 05 
Debug:   2024-11-27 17:11:07.675:  Rcv: 04 
Debug:   2024-11-27 17:11:07.685:  Snd: 04 62 21 00 90 01 13 
Debug:   2024-11-27 17:11:07.705:  Rcv: 06 
Debug:   2024-11-27 17:11:07.806:  Rcv: 05 
Debug:   2024-11-27 17:11:07.806:  Snd: 04 
Debug:   2024-11-27 17:11:07.827:  Rcv: 0e 
Debug:   2024-11-27 17:11:07.837:  Rcv: 21 05 03 18 00 01 ff de ff c5 00 00 00 00 03 e3 
Debug:   2024-11-27 17:11:07.837:  Snd: 06 
Debug:   2024-11-27 17:11:08.714:  Snd: 05 
Debug:   2024-11-27 17:11:08.734:  Rcv: 04 
Debug:   2024-11-27 17:11:08.744:  Snd: 03 70 10 00 00 80 
Debug:   2024-11-27 17:11:08.764:  Rcv: 06 
Debug:   2024-11-27 17:11:10.24:  Snd: 05 
Debug:   2024-11-27 17:11:10.44:  Rcv: 04 
Debug:   2024-11-27 17:11:10.54:  Snd: 04 62 21 10 90 01 23 
Debug:   2024-11-27 17:11:10.75:  Rcv: 06 
Debug:   2024-11-27 17:11:10.166:  Rcv: 05 
Debug:   2024-11-27 17:11:10.166:  Snd: 04 
Debug:   2024-11-27 17:11:10.186:  Rcv: 06 
Debug:   2024-11-27 17:11:10.196:  Rcv: 21 0c 00 18 00 01 00 46 
Debug:   2024-11-27 17:11:10.196:  Snd: 06 
Debug:   2024-11-27 17:11:12.50:  Snd: 05 
Debug:   2024-11-27 17:11:12.71:  Rcv: 04 
Debug:   2024-11-27 17:11:12.81:  Snd: 04 62 21 10 90 01 23 
Debug:   2024-11-27 17:11:12.101:  Rcv: 06 
Debug:   2024-11-27 17:14:59.270:  Rcv: 05 
Debug:   2024-11-27 17:14:59.270:  Snd: 04 
Debug:   2024-11-27 17:14:59.290:  Rcv: 0e 
Debug:   2024-11-27 17:14:59.301:  Rcv: 21 04 04 00 00 00 00 00 00 00 00 00 00 00 00 29 
Debug:   2024-11-27 17:14:59.301:  Snd: 06 
Debug:   2024-11-27 17:15:01.205:  Snd: 05 
Debug:   2024-11-27 17:15:01.226:  Rcv: 04 
Debug:   2024-11-27 17:15:01.236:  Snd: 03 70 00 10 00 80 
Debug:   2024-11-27 17:15:01.256:  Rcv: 06 
Debug:   2024-11-27 17:15:02.374:  Snd: 05 
Debug:   2024-11-27 17:15:02.395:  Rcv: 04 
Debug:   2024-11-27 17:15:02.405:  Snd: 04 62 21 00 90 01 13 
Debug:   2024-11-27 17:15:02.425:  Rcv: 06 
Debug:   2024-11-27 17:15:04.904:  Rcv: 05 
Debug:   2024-11-27 17:15:04.904:  Snd: 04 
Debug:   2024-11-27 17:15:04.924:  Rcv: 06 
Debug:   2024-11-27 17:15:04.934:  Rcv: 21 0c 05 00 00 02 00 34 
Debug:   2024-11-27 17:15:04.934:  Snd: 06 
Debug:   2024-11-27 17:15:06.154:  Snd: 05 
Debug:   2024-11-27 17:15:06.174:  Rcv: 04 
Debug:   2024-11-27 17:15:06.184:  Snd: 04 62 21 00 90 01 13 
Debug:   2024-11-27 17:15:06.205:  Rcv: 06 
Debug:   2024-11-27 17:15:06.437:  Rcv: 05 
Debug:   2024-11-27 17:15:06.437:  Snd: 04 
Debug:   2024-11-27 17:15:06.457:  Rcv: 0e 
Debug:   2024-11-27 17:15:06.467:  Rcv: 21 05 05 00 00 01 00 06 ff ee 00 00 00 00 02 1f 
Debug:   2024-11-27 17:15:06.467:  Snd: 06 
Debug:   2024-11-27 17:15:07.304:  Snd: 05 
Debug:   2024-11-27 17:15:07.324:  Rcv: 04 
Debug:   2024-11-27 17:15:07.334:  Snd: 03 70 10 00 00 80 
Debug:   2024-11-27 17:15:07.355:  Rcv: 06 
Debug:   2024-11-27 17:15:08.564:  Snd: 05 
Debug:   2024-11-27 17:15:08.584:  Rcv: 04 
Debug:   2024-11-27 17:15:08.594:  Snd: 04 62 21 10 90 01 23 
Debug:   2024-11-27 17:15:08.615:  Rcv: 06 
Debug:   2024-11-27 17:15:24.987:  Rcv: 05 
Debug:   2024-11-27 17:15:24.987:  Snd: 04 
Debug:   2024-11-27 17:15:25.7:  Rcv: 0e 
Debug:   2024-11-27 17:15:25.17:  Rcv: 21 04 03 18 00 00 00 00 00 00 00 00 00 00 00 40 
Debug:   2024-11-27 17:15:25.17:  Snd: 06 
Debug:   2024-11-27 17:15:27.63:  Snd: 05 
Debug:   2024-11-27 17:15:27.83:  Rcv: 04 
Debug:   2024-11-27 17:15:27.93:  Snd: 03 70 00 10 00 80 
Debug:   2024-11-27 17:15:27.114:  Rcv: 06 
Debug:   2024-11-27 17:15:28.313:  Snd: 05 
Debug:   2024-11-27 17:15:28.333:  Rcv: 04 
Debug:   2024-11-27 17:15:28.343:  Snd: 04 62 21 00 90 01 13 
Debug:   2024-11-27 17:15:28.364:  Rcv: 06 
Debug:   2024-11-27 17:15:32.333:  Rcv: 05 
Debug:   2024-11-27 17:15:32.334:  Snd: 04 
Debug:   2024-11-27 17:15:32.354:  Rcv: 06 
Debug:   2024-11-27 17:15:32.364:  Rcv: 21 0c 00 00 00 02 00 2f 
Debug:   2024-11-27 17:15:32.364:  Snd: 06 
Debug:   2024-11-27 17:15:34.218:  Snd: 05 
Debug:   2024-11-27 17:15:34.238:  Rcv: 04 
Debug:   2024-11-27 17:15:34.249:  Snd: 04 62 21 00 90 01 13 
Debug:   2024-11-27 17:15:34.269:  Rcv: 06 
Debug:   2024-11-27 17:15:34.279:  Rcv: 05 
Debug:   2024-11-27 17:15:34.279:  Snd: 04 
Debug:   2024-11-27 17:15:34.299:  Rcv: 0e 
Debug:   2024-11-27 17:15:34.310:  Rcv: 21 05 00 00 00 01 01 03 00 db 00 00 00 00 01 06 
Debug:   2024-11-27 17:15:34.310:  Snd: 06 
Debug:   2024-11-27 17:15:35.217:  Snd: 05 
Debug:   2024-11-27 17:15:35.237:  Rcv: 04 
Debug:   2024-11-27 17:15:35.247:  Snd: 03 70 10 00 00 80 
Debug:   2024-11-27 17:15:35.268:  Rcv: 06 
Debug:   2024-11-27 17:15:36.517:  Snd: 05 
Debug:   2024-11-27 17:15:36.538:  Rcv: 04 
Debug:   2024-11-27 17:15:36.548:  Snd: 04 62 21 10 90 01 23 
Debug:   2024-11-27 17:15:36.568:  Rcv: 06 
Debug:   2024-11-27 17:15:45.324:  Rcv: 05 
Debug:   2024-11-27 17:15:45.324:  Snd: 04 
Debug:   2024-11-27 17:15:45.344:  Rcv: 02 
Debug:   2024-11-27 17:15:45.355:  Rcv: 08 64 00 6c 
Debug:   2024-11-27 17:15:45.355:  Snd: 06 
Debug:   2024-11-27 17:15:45.375:  Snd: 05 
Debug:   2024-11-27 17:15:45.395:  Rcv: 04 
Debug:   2024-11-27 17:15:45.406:  Snd: 04 62 08 10 90 01 0a 
Debug:   2024-11-27 17:15:45.426:  Rcv: 06 
Debug:   2024-11-27 17:15:53.768:  Rcv: 05 
Debug:   2024-11-27 17:15:53.768:  Snd: 04 
Debug:   2024-11-27 17:15:53.789:  Rcv: 0e 
Debug:   2024-11-27 17:15:53.799:  Rcv: 21 04 00 00 00 00 00 00 00 00 00 00 00 00 00 25 
Debug:   2024-11-27 17:15:53.799:  Snd: 06 
Debug:   2024-11-27 17:15:54.807:  Snd: 05 
Debug:   2024-11-27 17:15:54.827:  Rcv: 04 
Debug:   2024-11-27 17:15:54.837:  Snd: 03 70 00 10 00 80 
Debug:   2024-11-27 17:15:54.857:  Rcv: 06 
Debug:   2024-11-27 17:15:56.46:  Snd: 05 
Debug:   2024-11-27 17:15:56.67:  Rcv: 04 
Debug:   2024-11-27 17:15:56.77:  Snd: 04 62 21 00 90 01 13 
Debug:   2024-11-27 17:15:56.97:  Rcv: 06 
Debug:   2024-11-27 17:15:56.198:  Rcv: 05 
Debug:   2024-11-27 17:15:56.198:  Snd: 04 
Debug:   2024-11-27 17:15:56.218:  Rcv: 06 
Debug:   2024-11-27 17:15:56.229:  Rcv: 21 0c 04 00 00 02 00 33 
Debug:   2024-11-27 17:15:56.229:  Snd: 06 
Debug:   2024-11-27 17:15:57.398:  Snd: 05 
Debug:   2024-11-27 17:15:57.418:  Rcv: 04 
Debug:   2024-11-27 17:15:57.428:  Snd: 04 62 21 00 90 01 13 
Debug:   2024-11-27 17:15:57.449:  Rcv: 06 
Debug:   2024-11-27 17:15:57.680:  Rcv: 05 
Debug:   2024-11-27 17:15:57.681:  Snd: 04 
Debug:   2024-11-27 17:15:57.701:  Rcv: 0e 
Debug:   2024-11-27 17:15:57.711:  Rcv: 21 05 04 00 00 01 00 d9 00 b2 00 00 00 00 01 b6 
Debug:   2024-11-27 17:15:57.711:  Snd: 06 
Debug:   2024-11-27 17:15:58.538:  Snd: 05 
Debug:   2024-11-27 17:15:58.558:  Rcv: 04 
Debug:   2024-11-27 17:15:58.568:  Snd: 03 70 10 00 00 80 
Debug:   2024-11-27 17:15:58.589:  Rcv: 06 
Debug:   2024-11-27 17:15:59.787:  Snd: 05 
Debug:   2024-11-27 17:15:59.808:  Rcv: 04 
Debug:   2024-11-27 17:15:59.818:  Snd: 04 62 21 10 90 01 23 
Debug:   2024-11-27 17:15:59.838:  Rcv: 06 
Debug:   2024-11-27 17:15:59.939:  Rcv: 05 
Debug:   2024-11-27 17:15:59.939:  Snd: 04 
Debug:   2024-11-27 17:15:59.960:  Rcv: 0e 
Debug:   2024-11-27 17:15:59.970:  Rcv: 21 04 05 00 00 00 00 00 00 00 00 00 00 00 00 2a 
Debug:   2024-11-27 17:15:59.970:  Snd: 06 
Debug:   2024-11-27 17:16:01.925:  Snd: 05 
Debug:   2024-11-27 17:16:01.945:  Rcv: 04 
Debug:   2024-11-27 17:16:01.955:  Snd: 03 70 00 10 00 80 
Debug:   2024-11-27 17:16:01.975:  Rcv: 06 
Debug:   2024-11-27 17:16:03.104:  Snd: 05 
Debug:   2024-11-27 17:16:03.124:  Rcv: 04 
Debug:   2024-11-27 17:16:03.134:  Snd: 04 62 21 00 90 01 13 
Debug:   2024-11-27 17:16:03.155:  Rcv: 06 
Debug:   2024-11-27 17:16:03.256:  Rcv: 05 
Debug:   2024-11-27 17:16:03.256:  Snd: 04 
Debug:   2024-11-27 17:16:03.276:  Rcv: 06 
Debug:   2024-11-27 17:16:03.286:  Rcv: 21 0c 03 18 00 02 00 4a 
Debug:   2024-11-27 17:16:03.286:  Snd: 06 
Debug:   2024-11-27 17:16:04.566:  Snd: 05 
Debug:   2024-11-27 17:16:04.586:  Rcv: 04 
Debug:   2024-11-27 17:16:04.597:  Snd: 04 62 21 00 90 01 13 
Debug:   2024-11-27 17:16:04.617:  Rcv: 06 
Debug:   2024-11-27 17:16:04.667:  Rcv: 05 
Debug:   2024-11-27 17:16:04.667:  Snd: 04 
Debug:   2024-11-27 17:16:04.688:  Rcv: 0e 
Debug:   2024-11-27 17:16:04.698:  Rcv: 21 05 03 18 00 01 ff cd ff e3 00 00 00 00 03 f0 
Debug:   2024-11-27 17:16:04.698:  Snd: 06 
Debug:   2024-11-27 17:16:05.575:  Snd: 05 
Debug:   2024-11-27 17:16:05.595:  Rcv: 04 
Debug:   2024-11-27 17:16:05.605:  Snd: 03 70 10 00 00 80 
Debug:   2024-11-27 17:16:05.626:  Rcv: 06 
Debug:   2024-11-27 17:16:06.895:  Snd: 05 
Debug:   2024-11-27 17:16:06.916:  Rcv: 04 
Debug:   2024-11-27 17:16:06.926:  Snd: 04 62 21 10 90 01 23 
Debug:   2024-11-27 17:16:06.946:  Rcv: 06 
Debug:   2024-11-27 17:16:07.17:  Rcv: 05 
Debug:   2024-11-27 17:16:07.17:  Snd: 04 
Debug:   2024-11-27 17:16:07.37:  Rcv: 06 
Debug:   2024-11-27 17:16:07.48:  Rcv: 21 0c 00 18 00 01 00 46 
Debug:   2024-11-27 17:16:07.48:  Snd: 06 
Debug:   2024-11-27 17:16:08.902:  Snd: 05 
Debug:   2024-11-27 17:16:08.922:  Rcv: 04 
Debug:   2024-11-27 17:16:08.932:  Snd: 04 62 21 10 90 01 23 
Debug:   2024-11-27 17:16:08.952:  Rcv: 06 
Debug:   2024-11-27 17:24:13.766:  Rcv: 05 
Debug:   2024-11-27 17:24:13.766:  Snd: 04 
Debug:   2024-11-27 17:24:13.786:  Rcv: 0e 
Debug:   2024-11-27 17:24:13.796:  Rcv: 21 04 04 00 00 00 00 00 00 00 00 00 00 00 00 29 
Debug:   2024-11-27 17:24:13.797:  Snd: 06 
Debug:   2024-11-27 17:24:15.701:  Snd: 05 
Debug:   2024-11-27 17:24:15.721:  Rcv: 04 
Debug:   2024-11-27 17:24:15.731:  Snd: 03 70 00 10 00 80 
Debug:   2024-11-27 17:24:15.752:  Rcv: 06 
Debug:   2024-11-27 17:24:16.880:  Snd: 05 
Debug:   2024-11-27 17:24:16.900:  Rcv: 04 
Debug:   2024-11-27 17:24:16.911:  Snd: 04 62 21 00 90 01 13 
Debug:   2024-11-27 17:24:16.931:  Rcv: 06 
Debug:   2024-11-27 17:24:17.425:  Rcv: 05 
Debug:   2024-11-27 17:24:17.425:  Snd: 04 
Debug:   2024-11-27 17:24:17.445:  Rcv: 06 
Debug:   2024-11-27 17:24:17.455:  Rcv: 21 0c 05 00 00 02 00 34 
Debug:   2024-11-27 17:24:17.456:  Snd: 06 
Debug:   2024-11-27 17:24:18.675:  Snd: 05 
Debug:   2024-11-27 17:24:18.695:  Rcv: 04 
Debug:   2024-11-27 17:24:18.705:  Snd: 04 62 21 00 90 01 13 
Debug:   2024-11-27 17:24:18.726:  Rcv: 06 
Debug:   2024-11-27 17:24:18.887:  Rcv: 05 
Debug:   2024-11-27 17:24:18.887:  Snd: 04 
Debug:   2024-11-27 17:24:18.908:  Rcv: 0e 
Debug:   2024-11-27 17:24:18.918:  Rcv: 21 05 05 00 00 01 00 01 ff d1 00 00 00 00 01 fd 
Debug:   2024-11-27 17:24:18.919:  Snd: 06 
Debug:   2024-11-27 17:24:19.775:  Snd: 05 
Debug:   2024-11-27 17:24:19.796:  Rcv: 04 
Debug:   2024-11-27 17:24:19.806:  Snd: 03 70 10 00 00 80 
Debug:   2024-11-27 17:24:19.826:  Rcv: 06 
Debug:   2024-11-27 17:24:21.25:  Snd: 05 
Debug:   2024-11-27 17:24:21.45:  Rcv: 04 
Debug:   2024-11-27 17:24:21.56:  Snd: 04 62 21 10 90 01 23 
Debug:   2024-11-27 17:24:21.76:  Rcv: 06 
Debug:   2024-11-27 17:24:23.836:  Rcv: 05 
Debug:   2024-11-27 17:24:23.837:  Snd: 04 
Debug:   2024-11-27 17:24:23.857:  Rcv: 0e 
Debug:   2024-11-27 17:24:23.867:  Rcv: 21 04 03 18 00 00 00 00 00 00 00 00 00 00 00 40 
Debug:   2024-11-27 17:24:23.867:  Snd: 06 
Debug:   2024-11-27 17:24:25.903:  Snd: 05 
Debug:   2024-11-27 17:24:25.923:  Rcv: 04 
Debug:   2024-11-27 17:24:25.933:  Snd: 03 70 00 10 00 80 
Debug:   2024-11-27 17:24:25.954:  Rcv: 06 
Debug:   2024-11-27 17:24:27.143:  Snd: 05 
Debug:   2024-11-27 17:24:27.163:  Rcv: 04 
Debug:   2024-11-27 17:24:27.173:  Snd: 04 62 21 00 90 01 13 
Debug:   2024-11-27 17:24:27.193:  Rcv: 06 
Debug:   2024-11-27 17:24:28.524:  Rcv: 05 
Debug:   2024-11-27 17:24:28.524:  Snd: 04 
Debug:   2024-11-27 17:24:28.544:  Rcv: 06 
Debug:   2024-11-27 17:24:28.554:  Rcv: 21 0c 00 00 00 02 00 2f 
Debug:   2024-11-27 17:24:28.555:  Snd: 06 
Debug:   2024-11-27 17:24:30.409:  Snd: 05 
Debug:   2024-11-27 17:24:30.429:  Rcv: 04 
Debug:   2024-11-27 17:24:30.439:  Snd: 04 62 21 00 90 01 13 
Debug:   2024-11-27 17:24:30.459:  Rcv: 06 
Debug:   2024-11-27 17:24:30.470:  Rcv: 05 
Debug:   2024-11-27 17:24:30.470:  Snd: 04 
Debug:   2024-11-27 17:24:30.490:  Rcv: 0e 
Debug:   2024-11-27 17:24:30.500:  Rcv: 21 05 00 00 00 01 00 da 00 ad 00 00 00 00 01 ae 
Debug:   2024-11-27 17:24:30.500:  Snd: 06 
Debug:   2024-11-27 17:24:31.387:  Snd: 05 
Debug:   2024-11-27 17:24:31.408:  Rcv: 04 
Debug:   2024-11-27 17:24:31.418:  Snd: 03 70 10 00 00 80 
Debug:   2024-11-27 17:24:31.438:  Rcv: 06 
Debug:   2024-11-27 17:24:32.698:  Snd: 05 
Debug:   2024-11-27 17:24:32.718:  Rcv: 04 
Debug:   2024-11-27 17:24:32.728:  Snd: 04 62 21 10 90 01 23 
Debug:   2024-11-27 17:24:32.748:  Rcv: 06 
Debug:   2024-11-27 17:24:42.945:  Rcv: 05 
Debug:   2024-11-27 17:24:42.945:  Snd: 04 
Debug:   2024-11-27 17:24:42.965:  Rcv: 0e 
Debug:   2024-11-27 17:24:42.975:  Rcv: 21 04 00 00 00 00 00 00 00 00 00 00 00 00 00 25 
Debug:   2024-11-27 17:24:42.975:  Snd: 06 
Debug:   2024-11-27 17:24:43.973:  Snd: 05 
Debug:   2024-11-27 17:24:43.994:  Rcv: 04 
Debug:   2024-11-27 17:24:44.4:  Snd: 03 70 00 10 00 80 
Debug:   2024-11-27 17:24:44.24:  Rcv: 06 
Debug:   2024-11-27 17:24:45.203:  Snd: 05 
Debug:   2024-11-27 17:24:45.223:  Rcv: 04 
Debug:   2024-11-27 17:24:45.234:  Snd: 04 62 21 00 90 01 13 
Debug:   2024-11-27 17:24:45.254:  Rcv: 06 
Debug:   2024-11-27 17:24:45.355:  Rcv: 05 
Debug:   2024-11-27 17:24:45.355:  Snd: 04 
Debug:   2024-11-27 17:24:45.375:  Rcv: 06 
Debug:   2024-11-27 17:24:45.385:  Rcv: 21 0c 04 00 00 02 00 33 
Debug:   2024-11-27 17:24:45.386:  Snd: 06 
Debug:   2024-11-27 17:24:46.564:  Snd: 05 
Debug:   2024-11-27 17:24:46.585:  Rcv: 04 
Debug:   2024-11-27 17:24:46.595:  Snd: 04 62 21 00 90 01 13 
Debug:   2024-11-27 17:24:46.615:  Rcv: 06 
Debug:   2024-11-27 17:24:46.716:  Rcv: 05 
Debug:   2024-11-27 17:24:46.716:  Snd: 04 
Debug:   2024-11-27 17:24:46.737:  Rcv: 0e 
Debug:   2024-11-27 17:24:46.747:  Rcv: 21 05 04 00 00 01 00 ac 00 90 00 00 00 00 01 67 
Debug:   2024-11-27 17:24:46.747:  Snd: 06 
Debug:   2024-11-27 17:24:47.573:  Snd: 05 
Debug:   2024-11-27 17:24:47.594:  Rcv: 04 
Debug:   2024-11-27 17:24:47.604:  Snd: 03 70 10 00 00 80 
Debug:   2024-11-27 17:24:47.624:  Rcv: 06 
Debug:   2024-11-27 17:24:48.823:  Snd: 05 
Debug:   2024-11-27 17:24:48.844:  Rcv: 04 
Debug:   2024-11-27 17:24:48.854:  Snd: 04 62 21 10 90 01 23 
Debug:   2024-11-27 17:24:48.874:  Rcv: 06 
Debug:   2024-11-27 17:24:48.955:  Rcv: 05 
Debug:   2024-11-27 17:24:48.955:  Snd: 04 
Debug:   2024-11-27 17:24:48.975:  Rcv: 0e 
Debug:   2024-11-27 17:24:48.986:  Rcv: 21 04 05 00 00 00 00 00 00 00 00 00 00 00 00 2a 
Debug:   2024-11-27 17:24:48.986:  Snd: 06 
Debug:   2024-11-27 17:24:50.930:  Snd: 05 
Debug:   2024-11-27 17:24:50.951:  Rcv: 04 
Debug:   2024-11-27 17:24:50.961:  Snd: 03 70 00 10 00 80 
Debug:   2024-11-27 17:24:50.981:  Rcv: 06 
Debug:   2024-11-27 17:24:52.120:  Snd: 05 
Debug:   2024-11-27 17:24:52.140:  Rcv: 04 
Debug:   2024-11-27 17:24:52.150:  Snd: 04 62 21 00 90 01 13 
Debug:   2024-11-27 17:24:52.171:  Rcv: 06 
Debug:   2024-11-27 17:24:52.282:  Rcv: 05 
Debug:   2024-11-27 17:24:52.282:  Snd: 04 
Debug:   2024-11-27 17:24:52.302:  Rcv: 06 
Debug:   2024-11-27 17:24:52.312:  Rcv: 21 0c 03 18 00 02 00 4a 
Debug:   2024-11-27 17:24:52.312:  Snd: 06 
Debug:   2024-11-27 17:24:53.582:  Snd: 05 
Debug:   2024-11-27 17:24:53.602:  Rcv: 04 
Debug:   2024-11-27 17:24:53.612:  Snd: 04 62 21 00 90 01 13 
Debug:   2024-11-27 17:24:53.633:  Rcv: 06 
Debug:   2024-11-27 17:24:53.673:  Rcv: 05 
Debug:   2024-11-27 17:24:53.673:  Snd: 04 
Debug:   2024-11-27 17:24:53.694:  Rcv: 0e 
Debug:   2024-11-27 17:24:53.704:  Rcv: 21 05 03 18 00 01 ff bd ff e6 00 00 00 00 03 e3 
Debug:   2024-11-27 17:24:53.704:  Snd: 06 
Debug:   2024-11-27 17:24:54.591:  Snd: 05 
Debug:   2024-11-27 17:24:54.611:  Rcv: 04 
Debug:   2024-11-27 17:24:54.621:  Snd: 03 70 10 00 00 80 
Debug:   2024-11-27 17:24:54.642:  Rcv: 06 
Debug:   2024-11-27 17:24:55.901:  Snd: 05 
Debug:   2024-11-27 17:24:55.922:  Rcv: 04 
Debug:   2024-11-27 17:24:55.932:  Snd: 04 62 21 10 90 01 23 
Debug:   2024-11-27 17:24:55.952:  Rcv: 06 
Debug:   2024-11-27 17:24:56.23:  Rcv: 05 
Debug:   2024-11-27 17:24:56.23:  Snd: 04 
Debug:   2024-11-27 17:24:56.43:  Rcv: 06 
Debug:   2024-11-27 17:24:56.54:  Rcv: 21 0c 00 18 00 01 00 46 
Debug:   2024-11-27 17:24:56.54:  Snd: 06 
Debug:   2024-11-27 17:24:57.908:  Snd: 05 
Debug:   2024-11-27 17:24:57.928:  Rcv: 04 
Debug:   2024-11-27 17:24:57.938:  Snd: 04 62 21 10 90 01 23 
Debug:   2024-11-27 17:24:57.958:  Rcv: 06 
Debug:   2024-11-27 18:22:23.71:  Rcv: 05 
Debug:   2024-11-27 18:22:23.71:  Snd: 04 
Debug:   2024-11-27 18:22:23.91:  Rcv: 0e 
Debug:   2024-11-27 18:22:23.101:  Rcv: 21 04 04 00 00 00 00 00 00 00 00 00 00 00 00 29 
Debug:   2024-11-27 18:22:23.102:  Snd: 06 
Debug:   2024-11-27 18:22:27.91:  Snd: 05 
Debug:   2024-11-27 18:22:27.112:  Rcv: 04 
Debug:   2024-11-27 18:22:27.122:  Snd: 04 63 21 02 01 00 87 
Debug:   2024-11-27 18:22:27.142:  Rcv: 06 
Debug:   2024-11-27 18:22:36.533:  Rcv: 05 
Debug:   2024-11-27 18:22:36.534:  Snd: 04 
Debug:   2024-11-27 18:22:36.554:  Rcv: 01 
Debug:   2024-11-27 18:22:36.564:  Rcv: 06 00 06 
Debug:   2024-11-27 18:22:36.564:  Snd: 06 
Debug:   2024-11-27 18:22:36.615:  Snd: 05 
Debug:   2024-11-27 18:22:36.635:  Rcv: 04 
Debug:   2024-11-27 18:22:36.645:  Snd: 04 62 06 10 90 01 08 
Debug:   2024-11-27 18:22:36.666:  Rcv: 06 
Debug:   2024-11-27 18:22:36.686:  Rcv: 05 
Debug:   2024-11-27 18:22:36.686:  Snd: 04 
Debug:   2024-11-27 18:22:36.706:  Rcv: 01 
Debug:   2024-11-27 18:22:36.717:  Rcv: 22 00 22 
Debug:   2024-11-27 18:22:36.717:  Snd: 06 
Debug:   2024-11-27 18:23:43.181:  Snd: 05 
Debug:   2024-11-27 18:23:43.201:  Rcv: 04 
Debug:   2024-11-27 18:23:43.211:  Snd: 04 62 22 10 90 01 24 
Debug:   2024-11-27 18:23:43.231:  Rcv: 06 
Debug:   2024-11-27 18:23:43.242:  Rcv: 05 
Debug:   2024-11-27 18:23:43.242:  Snd: 04 
Debug:   2024-11-27 18:23:43.262:  Rcv: 01 
Debug:   2024-11-27 18:23:43.272:  Rcv: 01 00 01 
Debug:   2024-11-27 18:23:43.272:  Snd: 06 
Debug:   2024-11-27 18:23:43.293:  Snd: 05 
Debug:   2024-11-27 18:23:43.313:  Rcv: 04 
Debug:   2024-11-27 18:23:43.323:  Snd: 15 61 27 00 00 64 10 90 00 00 00 00 00 00 01 f0 00 00 00 00 00 00 02 7d 
Debug:   2024-11-27 18:23:43.374:  Rcv: 06 
Debug:   2024-11-27 18:24:13.288:  Rcv: 05 
Debug:   2024-11-27 18:24:13.288:  Snd: 04 
Debug:   2024-11-27 18:24:13.308:  Rcv: 0e 
Debug:   2024-11-27 18:24:13.318:  Rcv: 21 04 04 00 00 00 00 00 00 00 00 00 00 00 00 29 
Debug:   2024-11-27 18:24:13.319:  Snd: 06 
Debug:   2024-11-27 18:24:16.885:  Snd: 05 
Debug:   2024-11-27 18:24:16.906:  Rcv: 04 
Debug:   2024-11-27 18:24:16.916:  Snd: 04 63 21 02 01 00 87 
Debug:   2024-11-27 18:24:16.936:  Rcv: 06 
Debug:   2024-11-27 18:24:26.679:  Rcv: 05 
Debug:   2024-11-27 18:24:26.680:  Snd: 04 
Debug:   2024-11-27 18:24:26.700:  Rcv: 01 
Debug:   2024-11-27 18:24:26.710:  Rcv: 06 00 06 
Debug:   2024-11-27 18:24:26.710:  Snd: 06 
Debug:   2024-11-27 18:24:26.761:  Snd: 05 
Debug:   2024-11-27 18:24:26.781:  Rcv: 04 
Debug:   2024-11-27 18:24:26.791:  Snd: 04 62 06 10 90 01 08 
Debug:   2024-11-27 18:24:26.812:  Rcv: 06 
Debug:   2024-11-27 18:24:26.832:  Rcv: 05 
Debug:   2024-11-27 18:24:26.832:  Snd: 04 
Debug:   2024-11-27 18:24:26.852:  Rcv: 01 
Debug:   2024-11-27 18:24:26.862:  Rcv: 22 00 22 
Debug:   2024-11-27 18:24:26.863:  Snd: 06 
Debug:   2024-11-27 18:25:33.297:  Snd: 05 
Debug:   2024-11-27 18:25:33.318:  Rcv: 04 
Debug:   2024-11-27 18:25:33.328:  Snd: 04 62 22 10 90 01 24 
Debug:   2024-11-27 18:25:33.348:  Rcv: 06 
Debug:   2024-11-27 18:25:33.358:  Rcv: 05 
Debug:   2024-11-27 18:25:33.358:  Snd: 04 
Debug:   2024-11-27 18:25:33.379:  Rcv: 01 
Debug:   2024-11-27 18:25:33.389:  Rcv: 01 00 01 
Debug:   2024-11-27 18:25:33.389:  Snd: 06 
Debug:   2024-11-27 18:25:33.410:  Snd: 05 
Debug:   2024-11-27 18:25:33.430:  Rcv: 04 
Debug:   2024-11-27 18:25:33.440:  Snd: 15 61 27 00 00 64 10 90 00 00 00 00 00 00 01 f0 00 00 00 00 00 00 02 7d 
Debug:   2024-11-27 18:25:33.491:  Rcv: 06 
Debug:   2024-11-27 18:25:48.785:  Rcv: 05 
Debug:   2024-11-27 18:25:48.785:  Snd: 04 
Debug:   2024-11-27 18:25:48.805:  Rcv: 0e 
Debug:   2024-11-27 18:25:48.815:  Rcv: 21 04 04 00 00 00 00 00 00 00 00 00 00 00 00 29 
Debug:   2024-11-27 18:25:48.815:  Snd: 06 
Debug:   2024-11-27 18:25:52.403:  Snd: 05 
Debug:   2024-11-27 18:25:52.423:  Rcv: 04 
Debug:   2024-11-27 18:25:52.433:  Snd: 04 63 21 02 01 00 87 
Debug:   2024-11-27 18:25:52.453:  Rcv: 06 
Debug:   2024-11-27 18:26:04.150:  Rcv: 05 
Debug:   2024-11-27 18:26:04.150:  Snd: 04 
Debug:   2024-11-27 18:26:04.171:  Rcv: 01 
Debug:   2024-11-27 18:26:04.181:  Rcv: 06 00 06 
Debug:   2024-11-27 18:26:04.181:  Snd: 06 
Debug:   2024-11-27 18:26:04.232:  Snd: 05 
Debug:   2024-11-27 18:26:04.252:  Rcv: 04 
Debug:   2024-11-27 18:26:04.262:  Snd: 04 62 06 10 90 01 08 
Debug:   2024-11-27 18:26:04.282:  Rcv: 06 
Debug:   2024-11-27 18:26:04.303:  Rcv: 05 
Debug:   2024-11-27 18:26:04.303:  Snd: 04 
Debug:   2024-11-27 18:26:04.323:  Rcv: 01 
Debug:   2024-11-27 18:26:04.333:  Rcv: 22 00 22 
Debug:   2024-11-27 18:26:04.334:  Snd: 06 
Debug:   2024-11-27 18:26:04.414:  Snd: 05 
Debug:   2024-11-27 18:26:04.435:  Rcv: 04 
Debug:   2024-11-27 18:26:04.445:  Snd: 03 70 00 10 00 80 
Debug:   2024-11-27 18:26:04.465:  Rcv: 06 
Debug:   2024-11-27 18:26:04.989:  Snd: 05 
Debug:   2024-11-27 18:26:05.10:  Rcv: 04 
Debug:   2024-11-27 18:26:05.20:  Snd: 03 70 10 00 00 80 
Debug:   2024-11-27 18:26:05.40:  Rcv: 06 
Debug:   2024-11-27 18:27:07.655:  Snd: 05 
Debug:   2024-11-27 18:27:07.675:  Rcv: 04 
Debug:   2024-11-27 18:27:07.686:  Snd: 04 62 22 10 90 01 24 
Debug:   2024-11-27 18:27:07.706:  Rcv: 06 
Debug:   2024-11-27 18:27:07.726:  Rcv: 05 
Debug:   2024-11-27 18:27:07.726:  Snd: 04 
Debug:   2024-11-27 18:27:07.747:  Rcv: 01 
Debug:   2024-11-27 18:27:07.757:  Rcv: 01 00 01 
Debug:   2024-11-27 18:27:07.757:  Snd: 06 
Debug:   2024-11-27 18:27:07.777:  Snd: 05 
Debug:   2024-11-27 18:27:07.798:  Rcv: 04 
Debug:   2024-11-27 18:27:07.808:  Snd: 15 61 27 00 00 64 10 90 00 00 00 00 00 00 00 f0 00 00 00 00 00 00 02 7c 
Debug:   2024-11-27 18:27:07.848:  Rcv: 06 
Debug:   2024-11-27 18:27:24.988:  Rcv: 05 
Debug:   2024-11-27 18:27:24.988:  Snd: 04 
Debug:   2024-11-27 18:27:25.8:  Rcv: 0e 
Debug:   2024-11-27 18:27:25.19:  Rcv: 21 04 04 00 00 00 00 00 00 00 00 00 00 00 00 29 
Debug:   2024-11-27 18:27:25.19:  Snd: 06 
Debug:   2024-11-27 18:27:26.550:  Snd: 05 
Debug:   2024-11-27 18:27:26.571:  Rcv: 04 
Debug:   2024-11-27 18:27:26.581:  Snd: 03 70 00 10 00 80 
Debug:   2024-11-27 18:27:26.601:  Rcv: 06 
Debug:   2024-11-27 18:27:27.720:  Snd: 05 
Debug:   2024-11-27 18:27:27.740:  Rcv: 04 
Debug:   2024-11-27 18:27:27.750:  Snd: 04 62 21 00 90 01 13 
Debug:   2024-11-27 18:27:27.770:  Rcv: 06 
Debug:   2024-11-27 18:27:41.856:  Rcv: 05 
Debug:   2024-11-27 18:27:41.856:  Snd: 04 
Debug:   2024-11-27 18:27:41.876:  Rcv: 06 
Debug:   2024-11-27 18:27:41.887:  Rcv: 21 0c 05 00 00 02 00 34 
Debug:   2024-11-27 18:27:41.887:  Snd: 06 
Debug:   2024-11-27 18:27:43.106:  Snd: 05 
Debug:   2024-11-27 18:27:43.126:  Rcv: 04 
Debug:   2024-11-27 18:27:43.137:  Snd: 04 62 21 00 90 01 13 
Debug:   2024-11-27 18:27:43.157:  Rcv: 06 
Debug:   2024-11-27 18:27:43.228:  Rcv: 05 
Debug:   2024-11-27 18:27:43.228:  Snd: 04 
Debug:   2024-11-27 18:27:43.248:  Rcv: 0e 
Debug:   2024-11-27 18:27:43.258:  Rcv: 21 05 05 00 00 01 ff d8 ff c2 00 00 00 00 03 c4 
Debug:   2024-11-27 18:27:43.258:  Snd: 06 
Debug:   2024-11-27 18:27:44.95:  Snd: 05 
Debug:   2024-11-27 18:27:44.115:  Rcv: 04 
Debug:   2024-11-27 18:27:44.125:  Snd: 03 70 10 00 00 80 
Debug:   2024-11-27 18:27:44.146:  Rcv: 06 
Debug:   2024-11-27 18:27:45.355:  Snd: 05 
Debug:   2024-11-27 18:27:45.375:  Rcv: 04 
Debug:   2024-11-27 18:27:45.385:  Snd: 04 62 21 10 90 01 23 
Debug:   2024-11-27 18:27:45.406:  Rcv: 06 
Debug:   2024-11-27 18:27:54.50:  Rcv: 05 
Debug:   2024-11-27 18:27:54.50:  Snd: 04 
Debug:   2024-11-27 18:27:54.71:  Rcv: 0e 
Debug:   2024-11-27 18:27:54.81:  Rcv: 21 04 03 18 00 00 00 00 00 00 00 00 00 00 00 40 
Debug:   2024-11-27 18:27:54.81:  Snd: 06 
Debug:   2024-11-27 18:27:56.126:  Snd: 05 
Debug:   2024-11-27 18:27:56.147:  Rcv: 04 
Debug:   2024-11-27 18:27:56.157:  Snd: 03 70 00 10 00 80 
Debug:   2024-11-27 18:27:56.177:  Rcv: 06 
Debug:   2024-11-27 18:27:57.366:  Snd: 05 
Debug:   2024-11-27 18:27:57.386:  Rcv: 04 
Debug:   2024-11-27 18:27:57.397:  Snd: 04 62 21 00 90 01 13 
Debug:   2024-11-27 18:27:57.417:  Rcv: 06 
Debug:   2024-11-27 18:27:58.122:  Rcv: 05 
Debug:   2024-11-27 18:27:58.122:  Snd: 04 
Debug:   2024-11-27 18:27:58.143:  Rcv: 06 
Debug:   2024-11-27 18:27:58.153:  Rcv: 21 0c 00 00 00 02 00 2f 
Debug:   2024-11-27 18:27:58.153:  Snd: 06 
Debug:   2024-11-27 18:28:00.7:  Snd: 05 
Debug:   2024-11-27 18:28:00.28:  Rcv: 04 
Debug:   2024-11-27 18:28:00.38:  Snd: 04 62 21 00 90 01 13 
Debug:   2024-11-27 18:28:00.58:  Rcv: 06 
Debug:   2024-11-27 18:28:00.68:  Rcv: 05 
Debug:   2024-11-27 18:28:00.69:  Snd: 04 
Debug:   2024-11-27 18:28:00.89:  Rcv: 0e 
Debug:   2024-11-27 18:28:00.99:  Rcv: 21 05 00 00 00 01 00 d9 00 ac 00 00 00 00 01 ac 
Debug:   2024-11-27 18:28:00.99:  Snd: 06 
Debug:   2024-11-27 18:28:01.6:  Snd: 05 
Debug:   2024-11-27 18:28:01.26:  Rcv: 04 
Debug:   2024-11-27 18:28:01.37:  Snd: 03 70 10 00 00 80 
Debug:   2024-11-27 18:28:01.57:  Rcv: 06 
Debug:   2024-11-27 18:28:02.306:  Snd: 05 
Debug:   2024-11-27 18:28:02.327:  Rcv: 04 
Debug:   2024-11-27 18:28:02.337:  Snd: 04 62 21 10 90 01 23 
Debug:   2024-11-27 18:28:02.357:  Rcv: 06 
Debug:   2024-11-27 18:29:38.454:  Rcv: 05 
Debug:   2024-11-27 18:29:38.454:  Snd: 04 
Debug:   2024-11-27 18:29:38.475:  Rcv: 0e 
Debug:   2024-11-27 18:29:38.485:  Rcv: 21 04 00 00 00 00 00 00 00 00 00 00 00 00 00 25 
Debug:   2024-11-27 18:29:38.485:  Snd: 06 
Debug:   2024-11-27 18:29:39.483:  Snd: 05 
Debug:   2024-11-27 18:29:39.503:  Rcv: 04 
Debug:   2024-11-27 18:29:39.513:  Snd: 03 70 00 10 00 80 
Debug:   2024-11-27 18:29:39.534:  Rcv: 06 
Debug:   2024-11-27 18:29:40.722:  Snd: 05 
Debug:   2024-11-27 18:29:40.743:  Rcv: 04 
Debug:   2024-11-27 18:29:40.753:  Snd: 04 62 21 00 90 01 13 
Debug:   2024-11-27 18:29:40.773:  Rcv: 06 
Debug:   2024-11-27 18:29:40.874:  Rcv: 05 
Debug:   2024-11-27 18:29:40.874:  Snd: 04 
Debug:   2024-11-27 18:29:40.895:  Rcv: 06 
Debug:   2024-11-27 18:29:40.905:  Rcv: 21 0c 04 00 00 02 00 33 
Debug:   2024-11-27 18:29:40.905:  Snd: 06 
Debug:   2024-11-27 18:29:42.84:  Snd: 05 
Debug:   2024-11-27 18:29:42.104:  Rcv: 04 
Debug:   2024-11-27 18:29:42.115:  Snd: 04 62 21 00 90 01 13 
Debug:   2024-11-27 18:29:42.135:  Rcv: 06 
Debug:   2024-11-27 18:29:42.226:  Rcv: 05 
Debug:   2024-11-27 18:29:42.226:  Snd: 04 
Debug:   2024-11-27 18:29:42.246:  Rcv: 0e 
Debug:   2024-11-27 18:29:42.256:  Rcv: 21 05 04 00 00 01 00 d2 00 94 00 00 00 00 01 91 
Debug:   2024-11-27 18:29:42.256:  Snd: 06 
Debug:   2024-11-27 18:29:43.83:  Snd: 05 
Debug:   2024-11-27 18:29:43.103:  Rcv: 04 
Debug:   2024-11-27 18:29:43.113:  Snd: 03 70 10 00 00 80 
Debug:   2024-11-27 18:29:43.134:  Rcv: 06 
Debug:   2024-11-27 18:29:44.333:  Snd: 05 
Debug:   2024-11-27 18:29:44.353:  Rcv: 04 
Debug:   2024-11-27 18:29:44.363:  Snd: 04 62 21 10 90 01 23 
Debug:   2024-11-27 18:29:44.384:  Rcv: 06 
Debug:   2024-11-27 18:29:44.464:  Rcv: 05 
Debug:   2024-11-27 18:29:44.464:  Snd: 04 
Debug:   2024-11-27 18:29:44.485:  Rcv: 0e 
Debug:   2024-11-27 18:29:44.495:  Rcv: 21 04 05 00 00 00 00 00 00 00 00 00 00 00 00 2a 
Debug:   2024-11-27 18:29:44.495:  Snd: 06 
Debug:   2024-11-27 18:29:46.450:  Snd: 05 
Debug:   2024-11-27 18:29:46.470:  Rcv: 04 
Debug:   2024-11-27 18:29:46.480:  Snd: 03 70 00 10 00 80 
Debug:   2024-11-27 18:29:46.501:  Rcv: 06 
Debug:   2024-11-27 18:29:47.639:  Snd: 05 
Debug:   2024-11-27 18:29:47.660:  Rcv: 04 
Debug:   2024-11-27 18:29:47.670:  Snd: 04 62 21 00 90 01 13 
Debug:   2024-11-27 18:29:47.690:  Rcv: 06 
Debug:   2024-11-27 18:29:47.791:  Rcv: 05 
Debug:   2024-11-27 18:29:47.791:  Snd: 04 
Debug:   2024-11-27 18:29:47.811:  Rcv: 06 
Debug:   2024-11-27 18:29:47.822:  Rcv: 21 0c 03 18 00 02 00 4a 
Debug:   2024-11-27 18:29:47.822:  Snd: 06 
Debug:   2024-11-27 18:29:49.102:  Snd: 05 
Debug:   2024-11-27 18:29:49.122:  Rcv: 04 
Debug:   2024-11-27 18:29:49.132:  Snd: 04 62 21 00 90 01 13 
Debug:   2024-11-27 18:29:49.152:  Rcv: 06 
Debug:   2024-11-27 18:29:49.193:  Rcv: 05 
Debug:   2024-11-27 18:29:49.193:  Snd: 04 
Debug:   2024-11-27 18:29:49.213:  Rcv: 0e 
Debug:   2024-11-27 18:29:49.223:  Rcv: 21 05 03 18 00 01 ff b9 ff ea 00 00 00 00 03 e3 
Debug:   2024-11-27 18:29:49.224:  Snd: 06 
Debug:   2024-11-27 18:29:50.100:  Snd: 05 
Debug:   2024-11-27 18:29:50.121:  Rcv: 04 
Debug:   2024-11-27 18:29:50.131:  Snd: 03 70 10 00 00 80 
Debug:   2024-11-27 18:29:50.151:  Rcv: 06 
Debug:   2024-11-27 18:29:51.411:  Snd: 05 
Debug:   2024-11-27 18:29:51.431:  Rcv: 04 
Debug:   2024-11-27 18:29:51.441:  Snd: 04 62 21 10 90 01 23 
Debug:   2024-11-27 18:29:51.461:  Rcv: 06 
Debug:   2024-11-27 18:29:51.562:  Rcv: 05 
Debug:   2024-11-27 18:29:51.562:  Snd: 04 
Debug:   2024-11-27 18:29:51.583:  Rcv: 06 
Debug:   2024-11-27 18:29:51.593:  Rcv: 21 0c 00 18 00 01 00 46 
Debug:   2024-11-27 18:29:51.593:  Snd: 06 
Debug:   2024-11-27 18:29:53.447:  Snd: 05 
Debug:   2024-11-27 18:29:53.467:  Rcv: 04 
Debug:   2024-11-27 18:29:53.477:  Snd: 04 62 21 10 90 01 23 
Debug:   2024-11-27 18:29:53.498:  Rcv: 06 
Debug:   2024-11-27 18:36:53.903:  Snd: 05 
Debug:   2024-11-27 18:36:53.924:  Rcv: 04 
Debug:   2024-11-27 18:36:53.934:  Snd: 02 71 00 00 71 
Debug:   2024-11-27 18:36:53.954:  Rcv: 06 
